<?xml version="1.0" encoding="utf-8"?>
<CoverageSession xmlns:xsd="http://www.w3.org/2001/XMLSchema" xmlns:xsi="http://www.w3.org/2001/XMLSchema-instance">
  <Summary numSequencePoints="750" visitedSequencePoints="225" numBranchPoints="234" visitedBranchPoints="56" sequenceCoverage="30" branchCoverage="23.93" maxCyclomaticComplexity="8" minCyclomaticComplexity="1" visitedClasses="5" numClasses="29" visitedMethods="31" numMethods="128" />
  <Modules>
    <Module skippedDueTo="Filter" hash="DD-4A-21-58-15-61-00-47-63-11-60-F6-AC-8D-42-15-1F-03-22-6E">
      <ModulePath>C:\WINDOWS\Microsoft.Net\assembly\GAC_64\mscorlib\v4.0_4.0.0.0__b77a5c561934e089\mscorlib.dll</ModulePath>
      <ModuleTime>2017-12-03T09:57:52.2103013Z</ModuleTime>
      <ModuleName>mscorlib</ModuleName>
      <Classes />
    </Module>
    <Module skippedDueTo="MissingPdb" hash="35-A2-7C-CA-BF-AC-A8-6A-4C-BE-58-4E-60-57-E3-64-44-AD-E2-16">
      <ModulePath>D:\Documents\pCloud Sync\github\VBGraphics\packages\xunit.runner.console.2.3.1\tools\net452\xunit.console.exe</ModulePath>
      <ModuleTime>2017-10-27T05:34:48Z</ModuleTime>
      <ModuleName>xunit.console</ModuleName>
      <Classes />
    </Module>
    <Module skippedDueTo="MissingPdb" hash="C3-D8-3E-87-AB-33-CA-6F-66-61-A7-D7-50-2C-CF-D9-C0-D1-9D-8D">
      <ModulePath>D:\Documents\pCloud Sync\github\VBGraphics\packages\xunit.runner.console.2.3.1\tools\net452\xunit.runner.utility.net452.dll</ModulePath>
      <ModuleTime>2017-10-27T05:34:48Z</ModuleTime>
      <ModuleName>xunit.runner.utility.net452</ModuleName>
      <Classes />
    </Module>
    <Module skippedDueTo="MissingPdb" hash="90-BC-BE-B1-F2-84-BE-8F-78-5C-FB-A6-E3-66-B7-C7-F8-58-AF-D1">
      <ModulePath>D:\Documents\pCloud Sync\github\VBGraphics\packages\xunit.runner.console.2.3.1\tools\net452\xunit.abstractions.dll</ModulePath>
      <ModuleTime>2017-10-27T05:34:48Z</ModuleTime>
      <ModuleName>xunit.abstractions</ModuleName>
      <Classes />
    </Module>
    <Module skippedDueTo="Filter" hash="4A-F4-16-E3-B7-42-DD-D3-EE-AC-F2-25-BE-F3-D2-88-B2-F6-A0-2F">
      <ModulePath>C:\WINDOWS\Microsoft.Net\assembly\GAC_MSIL\System.Core\v4.0_4.0.0.0__b77a5c561934e089\System.Core.dll</ModulePath>
      <ModuleTime>2017-12-03T09:57:52.2103013Z</ModuleTime>
      <ModuleName>System.Core</ModuleName>
      <Classes />
    </Module>
    <Module skippedDueTo="MissingPdb" hash="AF-CB-39-96-5C-64-99-49-A5-B6-10-16-01-7E-5D-4D-D6-EC-C7-32">
      <ModulePath>D:\Documents\pCloud Sync\github\VBGraphics\packages\xunit.runner.console.2.3.1\tools\net452\xunit.runner.reporters.net452.dll</ModulePath>
      <ModuleTime>2017-10-27T05:34:48Z</ModuleTime>
      <ModuleName>xunit.runner.reporters.net452</ModuleName>
      <Classes />
    </Module>
    <Module skippedDueTo="Filter" hash="1E-BF-87-A2-61-B1-E2-B3-03-13-4A-72-15-75-13-FB-FE-2C-7E-57">
      <ModulePath>C:\WINDOWS\Microsoft.Net\assembly\GAC_MSIL\System.Net.Http\v4.0_4.0.0.0__b03f5f7f11d50a3a\System.Net.Http.dll</ModulePath>
      <ModuleTime>2017-09-29T13:43:06.8185861Z</ModuleTime>
      <ModuleName>System.Net.Http</ModuleName>
      <Classes />
    </Module>
    <Module skippedDueTo="Filter" hash="CB-7B-C7-A0-09-0F-BA-F4-8A-02-A9-E9-2A-7B-43-34-93-46-0F-58">
      <ModulePath>C:\WINDOWS\Microsoft.Net\assembly\GAC_MSIL\System\v4.0_4.0.0.0__b77a5c561934e089\System.dll</ModulePath>
      <ModuleTime>2017-09-29T13:43:06.7717063Z</ModuleTime>
      <ModuleName>System</ModuleName>
      <Classes />
    </Module>
    <Module skippedDueTo="Filter" hash="C2-9B-AC-EC-2D-C8-27-AD-86-2A-F0-8B-20-E0-A0-2C-3A-71-1B-FB">
      <ModulePath>C:\WINDOWS\Microsoft.Net\assembly\GAC_64\System.Web\v4.0_4.0.0.0__b03f5f7f11d50a3a\System.Web.dll</ModulePath>
      <ModuleTime>2017-09-29T13:43:05.1778265Z</ModuleTime>
      <ModuleName>System.Web</ModuleName>
      <Classes />
    </Module>
    <Module skippedDueTo="Filter" hash="43-2E-6A-4E-42-C5-B5-A0-58-83-1D-BD-1D-A2-A9-F8-DD-95-24-D4">
      <ModulePath>C:\WINDOWS\Microsoft.Net\assembly\GAC_MSIL\System.Xml.Linq\v4.0_4.0.0.0__b77a5c561934e089\System.Xml.Linq.dll</ModulePath>
      <ModuleTime>2017-09-29T13:43:08.1155667Z</ModuleTime>
      <ModuleName>System.Xml.Linq</ModuleName>
      <Classes />
    </Module>
    <Module skippedDueTo="Filter" hash="58-2A-4C-0C-25-69-3C-E5-E8-8F-0E-35-DB-19-D0-78-0E-D1-10-FA">
      <ModulePath>C:\WINDOWS\Microsoft.Net\assembly\GAC_MSIL\System.Xml\v4.0_4.0.0.0__b77a5c561934e089\System.Xml.dll</ModulePath>
      <ModuleTime>2017-12-22T03:10:39.7166266Z</ModuleTime>
      <ModuleName>System.Xml</ModuleName>
      <Classes />
    </Module>
    <Module skippedDueTo="Filter" hash="62-13-DF-BA-4D-76-38-3A-FE-E9-5E-D8-6C-07-CC-1D-A2-DE-73-52">
      <ModulePath>C:\WINDOWS\Microsoft.Net\assembly\GAC_MSIL\System.Configuration\v4.0_4.0.0.0__b03f5f7f11d50a3a\System.Configuration.dll</ModulePath>
      <ModuleTime>2017-09-29T13:43:06.6154445Z</ModuleTime>
      <ModuleName>System.Configuration</ModuleName>
      <Classes />
    </Module>
    <Module skippedDueTo="MissingPdb" hash="C3-D8-3E-87-AB-33-CA-6F-66-61-A7-D7-50-2C-CF-D9-C0-D1-9D-8D">
      <ModulePath>C:\Users\lwchkg\AppData\Local\Temp\04281f9c-3801-4815-a46d-231201b506a7\04281f9c-3801-4815-a46d-231201b506a7\assembly\dl3\95e77d6c\008c954d_e54ed301\xunit.runner.utility.net452.dll</ModulePath>
      <ModuleTime>2018-02-01T15:22:38.2603591Z</ModuleTime>
      <ModuleName>xunit.runner.utility.net452</ModuleName>
      <Classes />
    </Module>
    <Module skippedDueTo="Filter" hash="4A-F4-16-E3-B7-42-DD-D3-EE-AC-F2-25-BE-F3-D2-88-B2-F6-A0-2F">
      <ModulePath>C:\WINDOWS\Microsoft.Net\assembly\GAC_MSIL\System.Core\v4.0_4.0.0.0__b77a5c561934e089\System.Core.dll</ModulePath>
      <ModuleTime>2017-12-03T09:57:52.2103013Z</ModuleTime>
      <ModuleName>System.Core</ModuleName>
      <Classes />
    </Module>
    <Module skippedDueTo="Filter" hash="CB-7B-C7-A0-09-0F-BA-F4-8A-02-A9-E9-2A-7B-43-34-93-46-0F-58">
      <ModulePath>C:\WINDOWS\Microsoft.Net\assembly\GAC_MSIL\System\v4.0_4.0.0.0__b77a5c561934e089\System.dll</ModulePath>
      <ModuleTime>2017-09-29T13:43:06.7717063Z</ModuleTime>
      <ModuleName>System</ModuleName>
      <Classes />
    </Module>
    <Module skippedDueTo="MissingPdb" hash="">
      <ModulePath>RefEmit_InMemoryManifestModule</ModulePath>
      <ModuleTime>0001-01-01T00:00:00</ModuleTime>
      <ModuleName>Anonymously Hosted DynamicMethods Assembly</ModuleName>
      <Classes />
    </Module>
    <Module hash="12-65-16-AD-65-28-EB-61-91-73-FD-7D-91-2E-C9-09-75-5B-2A-A1">
      <Summary numSequencePoints="206" visitedSequencePoints="0" numBranchPoints="58" visitedBranchPoints="0" sequenceCoverage="0" branchCoverage="0" maxCyclomaticComplexity="8" minCyclomaticComplexity="1" visitedClasses="0" numClasses="8" visitedMethods="0" numMethods="30" />
      <ModulePath>D:\Documents\pCloud Sync\github\VBGraphics\Test\bin\Debug\Test.dll</ModulePath>
      <ModuleTime>2018-02-01T14:42:16.2271568Z</ModuleTime>
      <ModuleName>Test</ModuleName>
      <Files>
        <File uid="1" fullPath="" />
        <File uid="5" fullPath="D:\Documents\pCloud Sync\github\VBGraphics\Test\My Project\Resources.Designer.vb" />
        <File uid="6" fullPath="D:\Documents\pCloud Sync\github\VBGraphics\Test\My Project\Settings.Designer.vb" />
        <File uid="8" fullPath="D:\Documents\pCloud Sync\github\VBGraphics\Test\GraphicsWindowLayoutTest.vb" />
      </Files>
      <Classes>
        <Class>
          <Summary numSequencePoints="0" visitedSequencePoints="0" numBranchPoints="0" visitedBranchPoints="0" sequenceCoverage="0" branchCoverage="0" maxCyclomaticComplexity="0" minCyclomaticComplexity="0" visitedClasses="0" numClasses="0" visitedMethods="0" numMethods="0" />
          <FullName>&lt;Module&gt;</FullName>
          <Methods />
        </Class>
        <Class>
          <Summary numSequencePoints="0" visitedSequencePoints="0" numBranchPoints="0" visitedBranchPoints="0" sequenceCoverage="0" branchCoverage="0" maxCyclomaticComplexity="1" minCyclomaticComplexity="1" visitedClasses="0" numClasses="0" visitedMethods="0" numMethods="0" />
          <FullName>Test.My.MyApplication</FullName>
          <Methods>
            <Method visited="false" cyclomaticComplexity="1" nPathComplexity="0" sequenceCoverage="0" branchCoverage="0" isConstructor="true" isStatic="false" isGetter="false" isSetter="false">
              <Summary numSequencePoints="0" visitedSequencePoints="0" numBranchPoints="0" visitedBranchPoints="0" sequenceCoverage="0" branchCoverage="0" maxCyclomaticComplexity="1" minCyclomaticComplexity="1" visitedClasses="0" numClasses="0" visitedMethods="0" numMethods="0" />
              <MetadataToken>100663297</MetadataToken>
              <Name>System.Void Test.My.MyApplication::.ctor()</Name>
              <SequencePoints />
              <BranchPoints />
              <MethodPoint vc="0" uspid="1" ordinal="0" offset="0" />
            </Method>
          </Methods>
        </Class>
        <Class>
          <Summary numSequencePoints="3" visitedSequencePoints="0" numBranchPoints="1" visitedBranchPoints="0" sequenceCoverage="0" branchCoverage="0" maxCyclomaticComplexity="1" minCyclomaticComplexity="1" visitedClasses="0" numClasses="1" visitedMethods="0" numMethods="1" />
          <FullName>Test.My.MyComputer</FullName>
          <Methods>
            <Method visited="false" cyclomaticComplexity="1" nPathComplexity="0" sequenceCoverage="0" branchCoverage="0" isConstructor="true" isStatic="false" isGetter="false" isSetter="false">
              <Summary numSequencePoints="3" visitedSequencePoints="0" numBranchPoints="1" visitedBranchPoints="0" sequenceCoverage="0" branchCoverage="0" maxCyclomaticComplexity="1" minCyclomaticComplexity="1" visitedClasses="0" numClasses="0" visitedMethods="0" numMethods="1" />
              <MetadataToken>100663298</MetadataToken>
              <Name>System.Void Test.My.MyComputer::.ctor()</Name>
              <FileRef uid="1" />
              <SequencePoints>
                <SequencePoint vc="0" uspid="2" ordinal="0" offset="0" sl="107" sc="9" el="107" ec="25" bec="0" bev="0" fileid="0" url="" />
                <SequencePoint vc="0" uspid="3" ordinal="1" offset="1" sl="108" sc="13" el="108" ec="25" bec="0" bev="0" fileid="0" url="" />
                <SequencePoint vc="0" uspid="4" ordinal="2" offset="8" sl="109" sc="9" el="109" ec="16" bec="0" bev="0" fileid="0" url="" />
              </SequencePoints>
              <BranchPoints />
              <MethodPoint xsi:type="SequencePoint" vc="0" uspid="2" ordinal="0" offset="0" sl="107" sc="9" el="107" ec="25" bec="0" bev="0" fileid="0" url="" />
            </Method>
          </Methods>
        </Class>
        <Class>
          <Summary numSequencePoints="16" visitedSequencePoints="0" numBranchPoints="5" visitedBranchPoints="0" sequenceCoverage="0" branchCoverage="0" maxCyclomaticComplexity="1" minCyclomaticComplexity="1" visitedClasses="0" numClasses="1" visitedMethods="0" numMethods="5" />
          <FullName>Test.My.MyProject</FullName>
          <Methods>
            <Method visited="false" cyclomaticComplexity="1" nPathComplexity="0" sequenceCoverage="0" branchCoverage="0" isConstructor="false" isStatic="true" isGetter="true" isSetter="false">
              <Summary numSequencePoints="3" visitedSequencePoints="0" numBranchPoints="1" visitedBranchPoints="0" sequenceCoverage="0" branchCoverage="0" maxCyclomaticComplexity="1" minCyclomaticComplexity="1" visitedClasses="0" numClasses="0" visitedMethods="0" numMethods="1" />
              <MetadataToken>100663300</MetadataToken>
              <Name>Test.My.MyComputer Test.My.MyProject::get_Computer()</Name>
              <FileRef uid="1" />
              <SequencePoints>
                <SequencePoint vc="0" uspid="5" ordinal="0" offset="0" sl="121" sc="13" el="121" ec="16" bec="0" bev="0" fileid="0" url="" />
                <SequencePoint vc="0" uspid="6" ordinal="1" offset="1" sl="122" sc="17" el="122" ec="62" bec="0" bev="0" fileid="0" url="" />
                <SequencePoint vc="0" uspid="7" ordinal="2" offset="14" sl="123" sc="13" el="123" ec="20" bec="0" bev="0" fileid="0" url="" />
              </SequencePoints>
              <BranchPoints />
              <MethodPoint xsi:type="SequencePoint" vc="0" uspid="5" ordinal="0" offset="0" sl="121" sc="13" el="121" ec="16" bec="0" bev="0" fileid="0" url="" />
            </Method>
            <Method visited="false" cyclomaticComplexity="1" nPathComplexity="0" sequenceCoverage="0" branchCoverage="0" isConstructor="false" isStatic="true" isGetter="true" isSetter="false">
              <Summary numSequencePoints="3" visitedSequencePoints="0" numBranchPoints="1" visitedBranchPoints="0" sequenceCoverage="0" branchCoverage="0" maxCyclomaticComplexity="1" minCyclomaticComplexity="1" visitedClasses="0" numClasses="0" visitedMethods="0" numMethods="1" />
              <MetadataToken>100663301</MetadataToken>
              <Name>Test.My.MyApplication Test.My.MyProject::get_Application()</Name>
              <FileRef uid="1" />
              <SequencePoints>
                <SequencePoint vc="0" uspid="8" ordinal="0" offset="0" sl="133" sc="13" el="133" ec="16" bec="0" bev="0" fileid="0" url="" />
                <SequencePoint vc="0" uspid="9" ordinal="1" offset="1" sl="134" sc="17" el="134" ec="57" bec="0" bev="0" fileid="0" url="" />
                <SequencePoint vc="0" uspid="10" ordinal="2" offset="14" sl="135" sc="13" el="135" ec="20" bec="0" bev="0" fileid="0" url="" />
              </SequencePoints>
              <BranchPoints />
              <MethodPoint xsi:type="SequencePoint" vc="0" uspid="8" ordinal="0" offset="0" sl="133" sc="13" el="133" ec="16" bec="0" bev="0" fileid="0" url="" />
            </Method>
            <Method visited="false" cyclomaticComplexity="1" nPathComplexity="0" sequenceCoverage="0" branchCoverage="0" isConstructor="false" isStatic="true" isGetter="true" isSetter="false">
              <Summary numSequencePoints="3" visitedSequencePoints="0" numBranchPoints="1" visitedBranchPoints="0" sequenceCoverage="0" branchCoverage="0" maxCyclomaticComplexity="1" minCyclomaticComplexity="1" visitedClasses="0" numClasses="0" visitedMethods="0" numMethods="1" />
              <MetadataToken>100663302</MetadataToken>
              <Name>Microsoft.VisualBasic.ApplicationServices.User Test.My.MyProject::get_User()</Name>
              <FileRef uid="1" />
              <SequencePoints>
                <SequencePoint vc="0" uspid="11" ordinal="0" offset="0" sl="144" sc="13" el="144" ec="16" bec="0" bev="0" fileid="0" url="" />
                <SequencePoint vc="0" uspid="12" ordinal="1" offset="1" sl="145" sc="17" el="145" ec="58" bec="0" bev="0" fileid="0" url="" />
                <SequencePoint vc="0" uspid="13" ordinal="2" offset="14" sl="146" sc="13" el="146" ec="20" bec="0" bev="0" fileid="0" url="" />
              </SequencePoints>
              <BranchPoints />
              <MethodPoint xsi:type="SequencePoint" vc="0" uspid="11" ordinal="0" offset="0" sl="144" sc="13" el="144" ec="16" bec="0" bev="0" fileid="0" url="" />
            </Method>
            <Method visited="false" cyclomaticComplexity="1" nPathComplexity="0" sequenceCoverage="0" branchCoverage="0" isConstructor="false" isStatic="true" isGetter="true" isSetter="false">
              <Summary numSequencePoints="3" visitedSequencePoints="0" numBranchPoints="1" visitedBranchPoints="0" sequenceCoverage="0" branchCoverage="0" maxCyclomaticComplexity="1" minCyclomaticComplexity="1" visitedClasses="0" numClasses="0" visitedMethods="0" numMethods="1" />
              <MetadataToken>100663303</MetadataToken>
              <Name>Test.My.MyProject/MyWebServices Test.My.MyProject::get_WebServices()</Name>
              <FileRef uid="1" />
              <SequencePoints>
                <SequencePoint vc="0" uspid="14" ordinal="0" offset="0" sl="237" sc="14" el="237" ec="17" bec="0" bev="0" fileid="0" url="" />
                <SequencePoint vc="0" uspid="15" ordinal="1" offset="1" sl="238" sc="17" el="238" ec="67" bec="0" bev="0" fileid="0" url="" />
                <SequencePoint vc="0" uspid="16" ordinal="2" offset="14" sl="239" sc="13" el="239" ec="20" bec="0" bev="0" fileid="0" url="" />
              </SequencePoints>
              <BranchPoints />
              <MethodPoint xsi:type="SequencePoint" vc="0" uspid="14" ordinal="0" offset="0" sl="237" sc="14" el="237" ec="17" bec="0" bev="0" fileid="0" url="" />
            </Method>
            <Method visited="false" cyclomaticComplexity="1" nPathComplexity="0" sequenceCoverage="0" branchCoverage="0" isConstructor="true" isStatic="true" isGetter="false" isSetter="false">
              <Summary numSequencePoints="4" visitedSequencePoints="0" numBranchPoints="1" visitedBranchPoints="0" sequenceCoverage="0" branchCoverage="0" maxCyclomaticComplexity="1" minCyclomaticComplexity="1" visitedClasses="0" numClasses="0" visitedMethods="0" numMethods="1" />
              <MetadataToken>100663299</MetadataToken>
              <Name>System.Void Test.My.MyProject::.cctor()</Name>
              <FileRef uid="1" />
              <SequencePoints>
                <SequencePoint vc="0" uspid="17" ordinal="0" offset="0" sl="126" sc="26" el="126" ec="97" bec="0" bev="0" fileid="0" url="" />
                <SequencePoint vc="0" uspid="18" ordinal="1" offset="10" sl="137" sc="26" el="137" ec="95" bec="0" bev="0" fileid="0" url="" />
                <SequencePoint vc="0" uspid="19" ordinal="2" offset="20" sl="148" sc="26" el="148" ec="136" bec="0" bev="0" fileid="0" url="" />
                <SequencePoint vc="0" uspid="20" ordinal="3" offset="30" sl="284" sc="26" el="284" ec="105" bec="0" bev="0" fileid="0" url="" />
              </SequencePoints>
              <BranchPoints />
              <MethodPoint xsi:type="SequencePoint" vc="0" uspid="17" ordinal="0" offset="0" sl="126" sc="26" el="126" ec="97" bec="0" bev="0" fileid="0" url="" />
            </Method>
          </Methods>
        </Class>
        <Class>
          <Summary numSequencePoints="24" visitedSequencePoints="0" numBranchPoints="9" visitedBranchPoints="0" sequenceCoverage="0" branchCoverage="0" maxCyclomaticComplexity="2" minCyclomaticComplexity="1" visitedClasses="0" numClasses="1" visitedMethods="0" numMethods="7" />
          <FullName>Test.My.MyProject/MyWebServices</FullName>
          <Methods>
            <Method visited="false" cyclomaticComplexity="1" nPathComplexity="0" sequenceCoverage="0" branchCoverage="0" isConstructor="false" isStatic="false" isGetter="false" isSetter="false">
              <Summary numSequencePoints="3" visitedSequencePoints="0" numBranchPoints="1" visitedBranchPoints="0" sequenceCoverage="0" branchCoverage="0" maxCyclomaticComplexity="1" minCyclomaticComplexity="1" visitedClasses="0" numClasses="0" visitedMethods="0" numMethods="1" />
              <MetadataToken>100663320</MetadataToken>
              <Name>System.Boolean Test.My.MyProject/MyWebServices::Equals(System.Object)</Name>
              <FileRef uid="1" />
              <SequencePoints>
                <SequencePoint vc="0" uspid="21" ordinal="0" offset="0" sl="247" sc="13" el="247" ec="75" bec="0" bev="0" fileid="0" url="" />
                <SequencePoint vc="0" uspid="22" ordinal="1" offset="1" sl="248" sc="17" el="248" ec="40" bec="0" bev="0" fileid="0" url="" />
                <SequencePoint vc="0" uspid="23" ordinal="2" offset="16" sl="249" sc="13" el="249" ec="25" bec="0" bev="0" fileid="0" url="" />
              </SequencePoints>
              <BranchPoints />
              <MethodPoint xsi:type="SequencePoint" vc="0" uspid="21" ordinal="0" offset="0" sl="247" sc="13" el="247" ec="75" bec="0" bev="0" fileid="0" url="" />
            </Method>
            <Method visited="false" cyclomaticComplexity="1" nPathComplexity="0" sequenceCoverage="0" branchCoverage="0" isConstructor="false" isStatic="false" isGetter="false" isSetter="false">
              <Summary numSequencePoints="3" visitedSequencePoints="0" numBranchPoints="1" visitedBranchPoints="0" sequenceCoverage="0" branchCoverage="0" maxCyclomaticComplexity="1" minCyclomaticComplexity="1" visitedClasses="0" numClasses="0" visitedMethods="0" numMethods="1" />
              <MetadataToken>100663321</MetadataToken>
              <Name>System.Int32 Test.My.MyProject/MyWebServices::GetHashCode()</Name>
              <FileRef uid="1" />
              <SequencePoints>
                <SequencePoint vc="0" uspid="24" ordinal="0" offset="0" sl="251" sc="13" el="251" ec="63" bec="0" bev="0" fileid="0" url="" />
                <SequencePoint vc="0" uspid="25" ordinal="1" offset="1" sl="252" sc="17" el="252" ec="42" bec="0" bev="0" fileid="0" url="" />
                <SequencePoint vc="0" uspid="26" ordinal="2" offset="10" sl="253" sc="13" el="253" ec="25" bec="0" bev="0" fileid="0" url="" />
              </SequencePoints>
              <BranchPoints />
              <MethodPoint xsi:type="SequencePoint" vc="0" uspid="24" ordinal="0" offset="0" sl="251" sc="13" el="251" ec="63" bec="0" bev="0" fileid="0" url="" />
            </Method>
            <Method visited="false" cyclomaticComplexity="1" nPathComplexity="0" sequenceCoverage="0" branchCoverage="0" isConstructor="false" isStatic="false" isGetter="false" isSetter="false">
              <Summary numSequencePoints="3" visitedSequencePoints="0" numBranchPoints="1" visitedBranchPoints="0" sequenceCoverage="0" branchCoverage="0" maxCyclomaticComplexity="1" minCyclomaticComplexity="1" visitedClasses="0" numClasses="0" visitedMethods="0" numMethods="1" />
              <MetadataToken>100663322</MetadataToken>
              <Name>System.Type Test.My.MyProject/MyWebServices::GetType()</Name>
              <FileRef uid="1" />
              <SequencePoints>
                <SequencePoint vc="0" uspid="27" ordinal="0" offset="0" sl="255" sc="13" el="255" ec="72" bec="0" bev="0" fileid="0" url="" />
                <SequencePoint vc="0" uspid="28" ordinal="1" offset="1" sl="256" sc="17" el="256" ec="46" bec="0" bev="0" fileid="0" url="" />
                <SequencePoint vc="0" uspid="29" ordinal="2" offset="14" sl="257" sc="13" el="257" ec="25" bec="0" bev="0" fileid="0" url="" />
              </SequencePoints>
              <BranchPoints />
              <MethodPoint xsi:type="SequencePoint" vc="0" uspid="27" ordinal="0" offset="0" sl="255" sc="13" el="255" ec="72" bec="0" bev="0" fileid="0" url="" />
            </Method>
            <Method visited="false" cyclomaticComplexity="1" nPathComplexity="0" sequenceCoverage="0" branchCoverage="0" isConstructor="false" isStatic="false" isGetter="false" isSetter="false">
              <Summary numSequencePoints="3" visitedSequencePoints="0" numBranchPoints="1" visitedBranchPoints="0" sequenceCoverage="0" branchCoverage="0" maxCyclomaticComplexity="1" minCyclomaticComplexity="1" visitedClasses="0" numClasses="0" visitedMethods="0" numMethods="1" />
              <MetadataToken>100663323</MetadataToken>
              <Name>System.String Test.My.MyProject/MyWebServices::ToString()</Name>
              <FileRef uid="1" />
              <SequencePoints>
                <SequencePoint vc="0" uspid="30" ordinal="0" offset="0" sl="259" sc="13" el="259" ec="59" bec="0" bev="0" fileid="0" url="" />
                <SequencePoint vc="0" uspid="31" ordinal="1" offset="1" sl="260" sc="17" el="260" ec="39" bec="0" bev="0" fileid="0" url="" />
                <SequencePoint vc="0" uspid="32" ordinal="2" offset="10" sl="261" sc="13" el="261" ec="25" bec="0" bev="0" fileid="0" url="" />
              </SequencePoints>
              <BranchPoints />
              <MethodPoint xsi:type="SequencePoint" vc="0" uspid="30" ordinal="0" offset="0" sl="259" sc="13" el="259" ec="59" bec="0" bev="0" fileid="0" url="" />
            </Method>
            <Method visited="false" cyclomaticComplexity="2" nPathComplexity="2" sequenceCoverage="0" branchCoverage="0" isConstructor="false" isStatic="true" isGetter="false" isSetter="false">
              <Summary numSequencePoints="6" visitedSequencePoints="0" numBranchPoints="3" visitedBranchPoints="0" sequenceCoverage="0" branchCoverage="0" maxCyclomaticComplexity="2" minCyclomaticComplexity="2" visitedClasses="0" numClasses="0" visitedMethods="0" numMethods="1" />
              <MetadataToken>100663324</MetadataToken>
              <Name>T Test.My.MyProject/MyWebServices::Create__Instance__(T)</Name>
              <FileRef uid="1" />
              <SequencePoints>
                <SequencePoint vc="0" uspid="33" ordinal="0" offset="0" sl="264" sc="12" el="264" ec="95" bec="0" bev="0" fileid="0" url="" />
                <SequencePoint vc="0" uspid="34" ordinal="1" offset="1" sl="265" sc="17" el="265" ec="44" bec="2" bev="0" fileid="0" url="" />
                <SequencePoint vc="0" uspid="35" ordinal="2" offset="14" sl="266" sc="21" el="266" ec="35" bec="0" bev="0" fileid="0" url="" />
                <SequencePoint vc="0" uspid="36" ordinal="3" offset="22" sl="267" sc="17" el="267" ec="21" bec="0" bev="0" fileid="0" url="" />
                <SequencePoint vc="0" uspid="37" ordinal="4" offset="23" sl="268" sc="21" el="268" ec="36" bec="0" bev="0" fileid="0" url="" />
                <SequencePoint vc="0" uspid="38" ordinal="5" offset="27" sl="270" sc="13" el="270" ec="25" bec="0" bev="0" fileid="0" url="" />
              </SequencePoints>
              <BranchPoints>
                <BranchPoint vc="0" uspid="39" ordinal="0" offset="12" sl="265" path="0" offsetend="14" fileid="0" url="" />
                <BranchPoint vc="0" uspid="40" ordinal="1" offset="12" sl="265" path="1" offsetend="22" fileid="0" url="" />
              </BranchPoints>
              <MethodPoint xsi:type="SequencePoint" vc="0" uspid="33" ordinal="0" offset="0" sl="264" sc="12" el="264" ec="95" bec="0" bev="0" fileid="0" url="" />
            </Method>
            <Method visited="false" cyclomaticComplexity="1" nPathComplexity="0" sequenceCoverage="0" branchCoverage="0" isConstructor="false" isStatic="false" isGetter="false" isSetter="false">
              <Summary numSequencePoints="3" visitedSequencePoints="0" numBranchPoints="1" visitedBranchPoints="0" sequenceCoverage="0" branchCoverage="0" maxCyclomaticComplexity="1" minCyclomaticComplexity="1" visitedClasses="0" numClasses="0" visitedMethods="0" numMethods="1" />
              <MetadataToken>100663325</MetadataToken>
              <Name>System.Void Test.My.MyProject/MyWebServices::Dispose__Instance__(T&amp;)</Name>
              <FileRef uid="1" />
              <SequencePoints>
                <SequencePoint vc="0" uspid="41" ordinal="0" offset="0" sl="273" sc="13" el="273" ec="71" bec="0" bev="0" fileid="0" url="" />
                <SequencePoint vc="0" uspid="42" ordinal="1" offset="1" sl="274" sc="17" el="274" ec="35" bec="0" bev="0" fileid="0" url="" />
                <SequencePoint vc="0" uspid="43" ordinal="2" offset="8" sl="275" sc="13" el="275" ec="20" bec="0" bev="0" fileid="0" url="" />
              </SequencePoints>
              <BranchPoints />
              <MethodPoint xsi:type="SequencePoint" vc="0" uspid="41" ordinal="0" offset="0" sl="273" sc="13" el="273" ec="71" bec="0" bev="0" fileid="0" url="" />
            </Method>
            <Method visited="false" cyclomaticComplexity="1" nPathComplexity="0" sequenceCoverage="0" branchCoverage="0" isConstructor="true" isStatic="false" isGetter="false" isSetter="false">
              <Summary numSequencePoints="3" visitedSequencePoints="0" numBranchPoints="1" visitedBranchPoints="0" sequenceCoverage="0" branchCoverage="0" maxCyclomaticComplexity="1" minCyclomaticComplexity="1" visitedClasses="0" numClasses="0" visitedMethods="0" numMethods="1" />
              <MetadataToken>100663326</MetadataToken>
              <Name>System.Void Test.My.MyProject/MyWebServices::.ctor()</Name>
              <FileRef uid="1" />
              <SequencePoints>
                <SequencePoint vc="0" uspid="44" ordinal="0" offset="0" sl="279" sc="13" el="279" ec="29" bec="0" bev="0" fileid="0" url="" />
                <SequencePoint vc="0" uspid="45" ordinal="1" offset="1" sl="280" sc="16" el="280" ec="28" bec="0" bev="0" fileid="0" url="" />
                <SequencePoint vc="0" uspid="46" ordinal="2" offset="8" sl="281" sc="13" el="281" ec="20" bec="0" bev="0" fileid="0" url="" />
              </SequencePoints>
              <BranchPoints />
              <MethodPoint xsi:type="SequencePoint" vc="0" uspid="44" ordinal="0" offset="0" sl="279" sc="13" el="279" ec="29" bec="0" bev="0" fileid="0" url="" />
            </Method>
          </Methods>
        </Class>
        <Class>
          <Summary numSequencePoints="13" visitedSequencePoints="0" numBranchPoints="4" visitedBranchPoints="0" sequenceCoverage="0" branchCoverage="0" maxCyclomaticComplexity="2" minCyclomaticComplexity="1" visitedClasses="0" numClasses="1" visitedMethods="0" numMethods="2" />
          <FullName>Test.My.MyProject/ThreadSafeObjectProvider`1</FullName>
          <Methods>
            <Method visited="false" cyclomaticComplexity="2" nPathComplexity="2" sequenceCoverage="0" branchCoverage="0" isConstructor="false" isStatic="false" isGetter="true" isSetter="false">
              <Summary numSequencePoints="9" visitedSequencePoints="0" numBranchPoints="3" visitedBranchPoints="0" sequenceCoverage="0" branchCoverage="0" maxCyclomaticComplexity="2" minCyclomaticComplexity="2" visitedClasses="0" numClasses="0" visitedMethods="0" numMethods="1" />
              <MetadataToken>100663327</MetadataToken>
              <Name>T Test.My.MyProject/ThreadSafeObjectProvider`1::get_GetInstance()</Name>
              <FileRef uid="1" />
              <SequencePoints>
                <SequencePoint vc="0" uspid="47" ordinal="0" offset="0" sl="331" sc="17" el="331" ec="20" bec="0" bev="0" fileid="0" url="" />
                <SequencePoint vc="0" uspid="48" ordinal="1" offset="1" sl="332" sc="25" el="332" ec="53" bec="0" bev="0" fileid="0" url="" />
                <SequencePoint vc="0" uspid="49" ordinal="2" offset="13" sl="333" sc="21" el="333" ec="45" bec="2" bev="0" fileid="0" url="" />
                <SequencePoint vc="0" uspid="50" ordinal="3" offset="26" sl="334" sc="25" el="334" ec="38" bec="0" bev="0" fileid="0" url="" />
                <SequencePoint vc="0" uspid="51" ordinal="4" offset="32" sl="335" sc="25" el="335" ec="50" bec="0" bev="0" fileid="0" url="" />
                <SequencePoint vc="0" uspid="52" ordinal="5" offset="45" sl="336" sc="21" el="336" ec="27" bec="0" bev="0" fileid="0" url="" />
                <SequencePoint vc="0" uspid="53" ordinal="6" offset="46" sl="336" sc="21" el="336" ec="27" bec="0" bev="0" fileid="0" url="" />
                <SequencePoint vc="0" uspid="54" ordinal="7" offset="47" sl="337" sc="21" el="337" ec="33" bec="0" bev="0" fileid="0" url="" />
                <SequencePoint vc="0" uspid="55" ordinal="8" offset="51" sl="338" sc="17" el="338" ec="24" bec="0" bev="0" fileid="0" url="" />
              </SequencePoints>
              <BranchPoints>
                <BranchPoint vc="0" uspid="56" ordinal="0" offset="24" sl="333" path="0" offsetend="26" fileid="0" url="" />
                <BranchPoint vc="0" uspid="57" ordinal="1" offset="24" sl="333" path="1" offsetend="46" fileid="0" url="" />
              </BranchPoints>
              <MethodPoint xsi:type="SequencePoint" vc="0" uspid="47" ordinal="0" offset="0" sl="331" sc="17" el="331" ec="20" bec="0" bev="0" fileid="0" url="" />
            </Method>
            <Method visited="false" cyclomaticComplexity="1" nPathComplexity="0" sequenceCoverage="0" branchCoverage="0" isConstructor="true" isStatic="false" isGetter="false" isSetter="false">
              <Summary numSequencePoints="4" visitedSequencePoints="0" numBranchPoints="1" visitedBranchPoints="0" sequenceCoverage="0" branchCoverage="0" maxCyclomaticComplexity="1" minCyclomaticComplexity="1" visitedClasses="0" numClasses="0" visitedMethods="0" numMethods="1" />
              <MetadataToken>100663328</MetadataToken>
              <Name>System.Void Test.My.MyProject/ThreadSafeObjectProvider`1::.ctor()</Name>
              <FileRef uid="1" />
              <SequencePoints>
                <SequencePoint vc="0" uspid="58" ordinal="0" offset="0" sl="350" sc="13" el="350" ec="29" bec="0" bev="0" fileid="0" url="" />
                <SequencePoint vc="0" uspid="59" ordinal="1" offset="1" sl="351" sc="17" el="351" ec="29" bec="0" bev="0" fileid="0" url="" />
                <SequencePoint vc="0" uspid="60" ordinal="2" offset="8" sl="355" sc="30" el="355" ec="114" bec="0" bev="0" fileid="0" url="" />
                <SequencePoint vc="0" uspid="61" ordinal="3" offset="19" sl="352" sc="13" el="352" ec="20" bec="0" bev="0" fileid="0" url="" />
              </SequencePoints>
              <BranchPoints />
              <MethodPoint xsi:type="SequencePoint" vc="0" uspid="58" ordinal="0" offset="0" sl="350" sc="13" el="350" ec="29" bec="0" bev="0" fileid="0" url="" />
            </Method>
          </Methods>
        </Class>
        <Class>
          <Summary numSequencePoints="14" visitedSequencePoints="0" numBranchPoints="5" visitedBranchPoints="0" sequenceCoverage="0" branchCoverage="0" maxCyclomaticComplexity="2" minCyclomaticComplexity="1" visitedClasses="0" numClasses="1" visitedMethods="0" numMethods="3" />
          <FullName>Test.My.Resources.Resources</FullName>
          <Methods>
            <Method visited="false" cyclomaticComplexity="2" nPathComplexity="2" sequenceCoverage="0" branchCoverage="0" isConstructor="false" isStatic="true" isGetter="true" isSetter="false">
              <Summary numSequencePoints="8" visitedSequencePoints="0" numBranchPoints="3" visitedBranchPoints="0" sequenceCoverage="0" branchCoverage="0" maxCyclomaticComplexity="2" minCyclomaticComplexity="2" visitedClasses="0" numClasses="0" visitedMethods="0" numMethods="1" />
              <MetadataToken>100663304</MetadataToken>
              <Name>System.Resources.ResourceManager Test.My.Resources.Resources::get_ResourceManager()</Name>
              <FileRef uid="5" />
              <SequencePoints>
                <SequencePoint vc="0" uspid="62" ordinal="0" offset="0" sl="39" sc="13" el="39" ec="16" bec="0" bev="0" fileid="5" />
                <SequencePoint vc="0" uspid="63" ordinal="1" offset="1" sl="40" sc="17" el="40" ec="69" bec="2" bev="0" fileid="5" />
                <SequencePoint vc="0" uspid="64" ordinal="2" offset="16" sl="41" sc="25" el="41" ec="165" bec="0" bev="0" fileid="5" />
                <SequencePoint vc="0" uspid="65" ordinal="3" offset="42" sl="42" sc="21" el="42" ec="39" bec="0" bev="0" fileid="5" />
                <SequencePoint vc="0" uspid="66" ordinal="4" offset="48" sl="43" sc="17" el="43" ec="23" bec="0" bev="0" fileid="5" />
                <SequencePoint vc="0" uspid="67" ordinal="5" offset="49" sl="43" sc="17" el="43" ec="23" bec="0" bev="0" fileid="5" />
                <SequencePoint vc="0" uspid="68" ordinal="6" offset="50" sl="44" sc="17" el="44" ec="35" bec="0" bev="0" fileid="5" />
                <SequencePoint vc="0" uspid="69" ordinal="7" offset="58" sl="45" sc="13" el="45" ec="20" bec="0" bev="0" fileid="5" />
              </SequencePoints>
              <BranchPoints>
                <BranchPoint vc="0" uspid="70" ordinal="0" offset="14" sl="40" path="0" offsetend="16" fileid="5" />
                <BranchPoint vc="0" uspid="71" ordinal="1" offset="14" sl="40" path="1" offsetend="49" fileid="5" />
              </BranchPoints>
              <MethodPoint xsi:type="SequencePoint" vc="0" uspid="62" ordinal="0" offset="0" sl="39" sc="13" el="39" ec="16" bec="0" bev="0" fileid="5" />
            </Method>
            <Method visited="false" cyclomaticComplexity="1" nPathComplexity="0" sequenceCoverage="0" branchCoverage="0" isConstructor="false" isStatic="true" isGetter="true" isSetter="false">
              <Summary numSequencePoints="3" visitedSequencePoints="0" numBranchPoints="1" visitedBranchPoints="0" sequenceCoverage="0" branchCoverage="0" maxCyclomaticComplexity="1" minCyclomaticComplexity="1" visitedClasses="0" numClasses="0" visitedMethods="0" numMethods="1" />
              <MetadataToken>100663305</MetadataToken>
              <Name>System.Globalization.CultureInfo Test.My.Resources.Resources::get_Culture()</Name>
              <FileRef uid="5" />
              <SequencePoints>
                <SequencePoint vc="0" uspid="72" ordinal="0" offset="0" sl="54" sc="13" el="54" ec="16" bec="0" bev="0" fileid="5" />
                <SequencePoint vc="0" uspid="73" ordinal="1" offset="1" sl="55" sc="17" el="55" ec="39" bec="0" bev="0" fileid="5" />
                <SequencePoint vc="0" uspid="74" ordinal="2" offset="9" sl="56" sc="13" el="56" ec="20" bec="0" bev="0" fileid="5" />
              </SequencePoints>
              <BranchPoints />
              <MethodPoint xsi:type="SequencePoint" vc="0" uspid="72" ordinal="0" offset="0" sl="54" sc="13" el="54" ec="16" bec="0" bev="0" fileid="5" />
            </Method>
            <Method visited="false" cyclomaticComplexity="1" nPathComplexity="0" sequenceCoverage="0" branchCoverage="0" isConstructor="false" isStatic="true" isGetter="false" isSetter="true">
              <Summary numSequencePoints="3" visitedSequencePoints="0" numBranchPoints="1" visitedBranchPoints="0" sequenceCoverage="0" branchCoverage="0" maxCyclomaticComplexity="1" minCyclomaticComplexity="1" visitedClasses="0" numClasses="0" visitedMethods="0" numMethods="1" />
              <MetadataToken>100663306</MetadataToken>
              <Name>System.Void Test.My.Resources.Resources::set_Culture(System.Globalization.CultureInfo)</Name>
              <FileRef uid="5" />
              <SequencePoints>
                <SequencePoint vc="0" uspid="75" ordinal="0" offset="0" sl="57" sc="13" el="57" ec="72" bec="0" bev="0" fileid="5" />
                <SequencePoint vc="0" uspid="76" ordinal="1" offset="1" sl="58" sc="17" el="58" ec="40" bec="0" bev="0" fileid="5" />
                <SequencePoint vc="0" uspid="77" ordinal="2" offset="7" sl="59" sc="13" el="59" ec="20" bec="0" bev="0" fileid="5" />
              </SequencePoints>
              <BranchPoints />
              <MethodPoint xsi:type="SequencePoint" vc="0" uspid="75" ordinal="0" offset="0" sl="57" sc="13" el="57" ec="72" bec="0" bev="0" fileid="5" />
            </Method>
          </Methods>
        </Class>
        <Class>
          <Summary numSequencePoints="4" visitedSequencePoints="0" numBranchPoints="2" visitedBranchPoints="0" sequenceCoverage="0" branchCoverage="0" maxCyclomaticComplexity="1" minCyclomaticComplexity="1" visitedClasses="0" numClasses="1" visitedMethods="0" numMethods="2" />
          <FullName>Test.My.MySettings</FullName>
          <Methods>
            <Method visited="false" cyclomaticComplexity="1" nPathComplexity="0" sequenceCoverage="0" branchCoverage="0" isConstructor="false" isStatic="true" isGetter="true" isSetter="false">
              <Summary numSequencePoints="3" visitedSequencePoints="0" numBranchPoints="1" visitedBranchPoints="0" sequenceCoverage="0" branchCoverage="0" maxCyclomaticComplexity="1" minCyclomaticComplexity="1" visitedClasses="0" numClasses="0" visitedMethods="0" numMethods="1" />
              <MetadataToken>100663309</MetadataToken>
              <Name>Test.My.MySettings Test.My.MySettings::get_Default()</Name>
              <FileRef uid="6" />
              <SequencePoints>
                <SequencePoint vc="0" uspid="78" ordinal="0" offset="0" sl="41" sc="13" el="41" ec="16" bec="0" bev="0" fileid="6" />
                <SequencePoint vc="0" uspid="79" ordinal="1" offset="1" sl="53" sc="17" el="53" ec="39" bec="0" bev="0" fileid="6" />
                <SequencePoint vc="0" uspid="80" ordinal="2" offset="9" sl="54" sc="13" el="54" ec="20" bec="0" bev="0" fileid="6" />
              </SequencePoints>
              <BranchPoints />
              <MethodPoint xsi:type="SequencePoint" vc="0" uspid="78" ordinal="0" offset="0" sl="41" sc="13" el="41" ec="16" bec="0" bev="0" fileid="6" />
            </Method>
            <Method visited="false" cyclomaticComplexity="1" nPathComplexity="0" sequenceCoverage="0" branchCoverage="0" isConstructor="true" isStatic="true" isGetter="false" isSetter="false">
              <Summary numSequencePoints="1" visitedSequencePoints="0" numBranchPoints="1" visitedBranchPoints="0" sequenceCoverage="0" branchCoverage="0" maxCyclomaticComplexity="1" minCyclomaticComplexity="1" visitedClasses="0" numClasses="0" visitedMethods="0" numMethods="1" />
              <MetadataToken>100663307</MetadataToken>
              <Name>System.Void Test.My.MySettings::.cctor()</Name>
              <FileRef uid="6" />
              <SequencePoints>
                <SequencePoint vc="0" uspid="81" ordinal="0" offset="0" sl="23" sc="24" el="23" ec="155" bec="0" bev="0" fileid="6" />
              </SequencePoints>
              <BranchPoints />
              <MethodPoint xsi:type="SequencePoint" vc="0" uspid="81" ordinal="0" offset="0" sl="23" sc="24" el="23" ec="155" bec="0" bev="0" fileid="6" />
            </Method>
            <Method visited="false" cyclomaticComplexity="1" nPathComplexity="0" sequenceCoverage="0" branchCoverage="0" isConstructor="true" isStatic="false" isGetter="false" isSetter="false">
              <Summary numSequencePoints="0" visitedSequencePoints="0" numBranchPoints="0" visitedBranchPoints="0" sequenceCoverage="0" branchCoverage="0" maxCyclomaticComplexity="1" minCyclomaticComplexity="1" visitedClasses="0" numClasses="0" visitedMethods="0" numMethods="0" />
              <MetadataToken>100663308</MetadataToken>
              <Name>System.Void Test.My.MySettings::.ctor()</Name>
              <SequencePoints />
              <BranchPoints />
              <MethodPoint vc="0" uspid="82" ordinal="0" offset="0" />
            </Method>
          </Methods>
        </Class>
        <Class>
          <Summary numSequencePoints="3" visitedSequencePoints="0" numBranchPoints="1" visitedBranchPoints="0" sequenceCoverage="0" branchCoverage="0" maxCyclomaticComplexity="1" minCyclomaticComplexity="1" visitedClasses="0" numClasses="1" visitedMethods="0" numMethods="1" />
          <FullName>Test.My.MySettingsProperty</FullName>
          <Methods>
            <Method visited="false" cyclomaticComplexity="1" nPathComplexity="0" sequenceCoverage="0" branchCoverage="0" isConstructor="false" isStatic="true" isGetter="true" isSetter="false">
              <Summary numSequencePoints="3" visitedSequencePoints="0" numBranchPoints="1" visitedBranchPoints="0" sequenceCoverage="0" branchCoverage="0" maxCyclomaticComplexity="1" minCyclomaticComplexity="1" visitedClasses="0" numClasses="0" visitedMethods="0" numMethods="1" />
              <MetadataToken>100663310</MetadataToken>
              <Name>Test.My.MySettings Test.My.MySettingsProperty::get_Settings()</Name>
              <FileRef uid="6" />
              <SequencePoints>
                <SequencePoint vc="0" uspid="83" ordinal="0" offset="0" sl="68" sc="13" el="68" ec="16" bec="0" bev="0" fileid="6" />
                <SequencePoint vc="0" uspid="84" ordinal="1" offset="1" sl="69" sc="17" el="69" ec="57" bec="0" bev="0" fileid="6" />
                <SequencePoint vc="0" uspid="85" ordinal="2" offset="9" sl="70" sc="13" el="70" ec="20" bec="0" bev="0" fileid="6" />
              </SequencePoints>
              <BranchPoints />
              <MethodPoint xsi:type="SequencePoint" vc="0" uspid="83" ordinal="0" offset="0" sl="68" sc="13" el="68" ec="16" bec="0" bev="0" fileid="6" />
            </Method>
          </Methods>
        </Class>
        <Class>
          <Summary numSequencePoints="129" visitedSequencePoints="0" numBranchPoints="31" visitedBranchPoints="0" sequenceCoverage="0" branchCoverage="0" maxCyclomaticComplexity="8" minCyclomaticComplexity="1" visitedClasses="0" numClasses="1" visitedMethods="0" numMethods="9" />
          <FullName>Test.GraphicsWindowLayoutTest</FullName>
          <Methods>
            <Method visited="false" cyclomaticComplexity="1" nPathComplexity="0" sequenceCoverage="0" branchCoverage="0" isConstructor="true" isStatic="false" isGetter="false" isSetter="false">
              <Summary numSequencePoints="7" visitedSequencePoints="0" numBranchPoints="1" visitedBranchPoints="0" sequenceCoverage="0" branchCoverage="0" maxCyclomaticComplexity="1" minCyclomaticComplexity="1" visitedClasses="0" numClasses="0" visitedMethods="0" numMethods="1" />
              <MetadataToken>100663311</MetadataToken>
              <Name>System.Void Test.GraphicsWindowLayoutTest::.ctor(Xunit.Abstractions.ITestOutputHelper)</Name>
              <FileRef uid="8" />
              <SequencePoints>
                <SequencePoint vc="0" uspid="86" ordinal="0" offset="0" sl="25" sc="5" el="25" ec="58" bec="0" bev="0" fileid="8" />
                <SequencePoint vc="0" uspid="87" ordinal="1" offset="8" sl="23" sc="9" el="23" ec="46" bec="0" bev="0" fileid="8" />
                <SequencePoint vc="0" uspid="88" ordinal="2" offset="15" sl="26" sc="9" el="26" ec="42" bec="0" bev="0" fileid="8" />
                <SequencePoint vc="0" uspid="89" ordinal="3" offset="36" sl="27" sc="9" el="27" ec="37" bec="0" bev="0" fileid="8" />
                <SequencePoint vc="0" uspid="90" ordinal="4" offset="43" sl="28" sc="13" el="28" ec="63" bec="0" bev="0" fileid="8" />
                <SequencePoint vc="0" uspid="91" ordinal="5" offset="50" sl="29" sc="9" el="31" ec="66" bec="0" bev="0" fileid="8" />
                <SequencePoint vc="0" uspid="92" ordinal="6" offset="90" sl="32" sc="5" el="32" ec="12" bec="0" bev="0" fileid="8" />
              </SequencePoints>
              <BranchPoints />
              <MethodPoint xsi:type="SequencePoint" vc="0" uspid="86" ordinal="0" offset="0" sl="25" sc="5" el="25" ec="58" bec="0" bev="0" fileid="8" />
            </Method>
            <Method visited="false" cyclomaticComplexity="2" nPathComplexity="2" sequenceCoverage="0" branchCoverage="0" isConstructor="false" isStatic="false" isGetter="false" isSetter="false">
              <Summary numSequencePoints="6" visitedSequencePoints="0" numBranchPoints="3" visitedBranchPoints="0" sequenceCoverage="0" branchCoverage="0" maxCyclomaticComplexity="2" minCyclomaticComplexity="2" visitedClasses="0" numClasses="0" visitedMethods="0" numMethods="1" />
              <MetadataToken>100663312</MetadataToken>
              <Name>System.Void Test.GraphicsWindowLayoutTest::CreateDirectoryIfNecessary(System.String)</Name>
              <FileRef uid="8" />
              <SequencePoints>
                <SequencePoint vc="0" uspid="93" ordinal="0" offset="0" sl="34" sc="5" el="34" ec="59" bec="0" bev="0" fileid="8" />
                <SequencePoint vc="0" uspid="94" ordinal="1" offset="1" sl="35" sc="9" el="35" ec="43" bec="2" bev="0" fileid="8" />
                <SequencePoint vc="0" uspid="95" ordinal="2" offset="14" sl="36" sc="13" el="36" ec="44" bec="0" bev="0" fileid="8" />
                <SequencePoint vc="0" uspid="96" ordinal="3" offset="21" sl="37" sc="9" el="37" ec="15" bec="0" bev="0" fileid="8" />
                <SequencePoint vc="0" uspid="97" ordinal="4" offset="22" sl="37" sc="9" el="37" ec="15" bec="0" bev="0" fileid="8" />
                <SequencePoint vc="0" uspid="98" ordinal="5" offset="23" sl="38" sc="5" el="38" ec="12" bec="0" bev="0" fileid="8" />
              </SequencePoints>
              <BranchPoints>
                <BranchPoint vc="0" uspid="99" ordinal="0" offset="12" sl="35" path="0" offsetend="14" fileid="8" />
                <BranchPoint vc="0" uspid="100" ordinal="1" offset="12" sl="35" path="1" offsetend="22" fileid="8" />
              </BranchPoints>
              <MethodPoint xsi:type="SequencePoint" vc="0" uspid="93" ordinal="0" offset="0" sl="34" sc="5" el="34" ec="59" bec="0" bev="0" fileid="8" />
            </Method>
            <Method visited="false" cyclomaticComplexity="1" nPathComplexity="0" sequenceCoverage="0" branchCoverage="0" isConstructor="false" isStatic="false" isGetter="false" isSetter="false">
              <Summary numSequencePoints="3" visitedSequencePoints="0" numBranchPoints="1" visitedBranchPoints="0" sequenceCoverage="0" branchCoverage="0" maxCyclomaticComplexity="1" minCyclomaticComplexity="1" visitedClasses="0" numClasses="0" visitedMethods="0" numMethods="1" />
              <MetadataToken>100663313</MetadataToken>
              <Name>System.Int32 Test.GraphicsWindowLayoutTest::ColorDifference(System.Drawing.Color,System.Drawing.Color)</Name>
              <FileRef uid="8" />
              <SequencePoints>
                <SequencePoint vc="0" uspid="101" ordinal="0" offset="0" sl="40" sc="5" el="40" ec="72" bec="0" bev="0" fileid="8" />
                <SequencePoint vc="0" uspid="102" ordinal="1" offset="1" sl="41" sc="9" el="44" ec="47" bec="0" bev="0" fileid="8" />
                <SequencePoint vc="0" uspid="103" ordinal="2" offset="87" sl="45" sc="5" el="45" ec="17" bec="0" bev="0" fileid="8" />
              </SequencePoints>
              <BranchPoints />
              <MethodPoint xsi:type="SequencePoint" vc="0" uspid="101" ordinal="0" offset="0" sl="40" sc="5" el="40" ec="72" bec="0" bev="0" fileid="8" />
            </Method>
            <Method visited="false" cyclomaticComplexity="1" nPathComplexity="0" sequenceCoverage="0" branchCoverage="0" isConstructor="false" isStatic="false" isGetter="false" isSetter="false">
              <Summary numSequencePoints="3" visitedSequencePoints="0" numBranchPoints="1" visitedBranchPoints="0" sequenceCoverage="0" branchCoverage="0" maxCyclomaticComplexity="1" minCyclomaticComplexity="1" visitedClasses="0" numClasses="0" visitedMethods="0" numMethods="1" />
              <MetadataToken>100663314</MetadataToken>
              <Name>System.Void Test.GraphicsWindowLayoutTest::Dispose()</Name>
              <FileRef uid="8" />
              <SequencePoints>
                <SequencePoint vc="0" uspid="104" ordinal="0" offset="0" sl="47" sc="5" el="47" ec="56" bec="0" bev="0" fileid="8" />
                <SequencePoint vc="0" uspid="105" ordinal="1" offset="1" sl="48" sc="9" el="48" ec="22" bec="0" bev="0" fileid="8" />
                <SequencePoint vc="0" uspid="106" ordinal="2" offset="9" sl="49" sc="5" el="49" ec="12" bec="0" bev="0" fileid="8" />
              </SequencePoints>
              <BranchPoints />
              <MethodPoint xsi:type="SequencePoint" vc="0" uspid="104" ordinal="0" offset="0" sl="47" sc="5" el="47" ec="56" bec="0" bev="0" fileid="8" />
            </Method>
            <Method visited="false" cyclomaticComplexity="8" nPathComplexity="64" sequenceCoverage="0" branchCoverage="0" isConstructor="false" isStatic="false" isGetter="false" isSetter="false">
              <Summary numSequencePoints="40" visitedSequencePoints="0" numBranchPoints="13" visitedBranchPoints="0" sequenceCoverage="0" branchCoverage="0" maxCyclomaticComplexity="8" minCyclomaticComplexity="8" visitedClasses="0" numClasses="0" visitedMethods="0" numMethods="1" />
              <MetadataToken>100663315</MetadataToken>
              <Name>System.Void Test.GraphicsWindowLayoutTest::Dispose(System.Boolean)</Name>
              <FileRef uid="8" />
              <SequencePoints>
                <SequencePoint vc="0" uspid="107" ordinal="0" offset="0" sl="51" sc="5" el="51" ec="60" bec="0" bev="0" fileid="8" />
                <SequencePoint vc="0" uspid="108" ordinal="1" offset="1" sl="52" sc="13" el="52" ec="76" bec="0" bev="0" fileid="8" />
                <SequencePoint vc="0" uspid="109" ordinal="2" offset="28" sl="53" sc="13" el="55" ec="38" bec="0" bev="0" fileid="8" />
                <SequencePoint vc="0" uspid="110" ordinal="3" offset="89" sl="56" sc="13" el="56" ec="66" bec="0" bev="0" fileid="8" />
                <SequencePoint vc="0" uspid="111" ordinal="4" offset="101" sl="57" sc="13" el="57" ec="62" bec="0" bev="0" fileid="8" />
                <SequencePoint vc="0" uspid="112" ordinal="5" offset="113" sl="59" sc="13" el="59" ec="58" bec="0" bev="0" fileid="8" />
                <SequencePoint vc="0" uspid="113" ordinal="6" offset="131" sl="60" sc="9" el="60" ec="21" bec="0" bev="0" fileid="8" />
                <SequencePoint vc="0" uspid="114" ordinal="7" offset="143" sl="61" sc="9" el="61" ec="32" bec="0" bev="0" fileid="8" />
                <SequencePoint vc="0" uspid="115" ordinal="8" offset="150" sl="63" sc="9" el="63" ec="46" bec="2" bev="0" fileid="8" />
                <SequencePoint vc="0" uspid="116" ordinal="9" offset="165" sl="64" sc="17" el="64" ec="75" bec="0" bev="0" fileid="8" />
                <SequencePoint vc="0" uspid="117" ordinal="10" offset="177" sl="65" sc="17" el="65" ec="87" bec="0" bev="0" fileid="8" />
                <SequencePoint vc="0" uspid="118" ordinal="11" offset="207" sl="66" sc="13" el="66" ec="25" bec="2" bev="0" fileid="8" />
                <SequencePoint vc="0" uspid="119" ordinal="12" offset="215" sl="69" sc="17" el="69" ec="93" bec="0" bev="0" fileid="8" />
                <SequencePoint vc="0" uspid="120" ordinal="13" offset="233" sl="73" sc="13" el="73" ec="19" bec="0" bev="0" fileid="8" />
                <SequencePoint vc="0" uspid="121" ordinal="14" offset="236" sl="70" sc="13" el="70" ec="17" bec="0" bev="0" fileid="8" />
                <SequencePoint vc="0" uspid="122" ordinal="15" offset="237" sl="71" sc="17" el="71" ec="80" bec="0" bev="0" fileid="8" />
                <SequencePoint vc="0" uspid="123" ordinal="16" offset="250" sl="72" sc="17" el="72" ec="48" bec="0" bev="0" fileid="8" />
                <SequencePoint vc="0" uspid="124" ordinal="17" offset="259" sl="73" sc="13" el="73" ec="19" bec="0" bev="0" fileid="8" />
                <SequencePoint vc="0" uspid="125" ordinal="18" offset="260" sl="95" sc="9" el="95" ec="15" bec="0" bev="0" fileid="8" />
                <SequencePoint vc="0" uspid="126" ordinal="19" offset="266" sl="74" sc="9" el="74" ec="13" bec="0" bev="0" fileid="8" />
                <SequencePoint vc="0" uspid="127" ordinal="20" offset="267" sl="75" sc="17" el="75" ec="84" bec="0" bev="0" fileid="8" />
                <SequencePoint vc="0" uspid="128" ordinal="21" offset="280" sl="77" sc="13" el="77" ec="61" bec="2" bev="0" fileid="8" />
                <SequencePoint vc="0" uspid="129" ordinal="22" offset="305" sl="78" sc="17" el="78" ec="46" bec="0" bev="0" fileid="8" />
                <SequencePoint vc="0" uspid="130" ordinal="23" offset="314" sl="79" sc="17" el="79" ec="75" bec="0" bev="0" fileid="8" />
                <SequencePoint vc="0" uspid="131" ordinal="24" offset="334" sl="80" sc="13" el="80" ec="19" bec="0" bev="0" fileid="8" />
                <SequencePoint vc="0" uspid="132" ordinal="25" offset="335" sl="80" sc="13" el="80" ec="19" bec="0" bev="0" fileid="8" />
                <SequencePoint vc="0" uspid="133" ordinal="26" offset="336" sl="82" sc="13" el="82" ec="62" bec="0" bev="0" fileid="8" />
                <SequencePoint vc="0" uspid="134" ordinal="27" offset="355" sl="83" sc="17" el="83" ec="65" bec="0" bev="0" fileid="8" />
                <SequencePoint vc="0" uspid="135" ordinal="28" offset="374" sl="84" sc="25" el="84" ec="79" bec="0" bev="0" fileid="8" />
                <SequencePoint vc="0" uspid="136" ordinal="29" offset="387" sl="85" sc="25" el="85" ec="75" bec="0" bev="0" fileid="8" />
                <SequencePoint vc="0" uspid="137" ordinal="30" offset="400" sl="86" sc="25" el="86" ec="86" bec="0" bev="0" fileid="8" />
                <SequencePoint vc="0" uspid="138" ordinal="31" offset="412" sl="87" sc="21" el="87" ec="58" bec="2" bev="0" fileid="8" />
                <SequencePoint vc="0" uspid="139" ordinal="32" offset="428" sl="89" sc="25" el="89" ec="54" bec="0" bev="0" fileid="8" />
                <SequencePoint vc="0" uspid="140" ordinal="33" offset="437" sl="90" sc="25" el="91" ec="101" bec="0" bev="0" fileid="8" />
                <SequencePoint vc="0" uspid="141" ordinal="34" offset="524" sl="92" sc="21" el="92" ec="27" bec="0" bev="0" fileid="8" />
                <SequencePoint vc="0" uspid="142" ordinal="35" offset="525" sl="92" sc="21" el="92" ec="27" bec="0" bev="0" fileid="8" />
                <SequencePoint vc="0" uspid="143" ordinal="36" offset="526" sl="93" sc="17" el="93" ec="21" bec="2" bev="0" fileid="8" />
                <SequencePoint vc="0" uspid="144" ordinal="37" offset="541" sl="94" sc="13" el="94" ec="17" bec="2" bev="0" fileid="8" />
                <SequencePoint vc="0" uspid="145" ordinal="38" offset="556" sl="95" sc="9" el="95" ec="15" bec="0" bev="0" fileid="8" />
                <SequencePoint vc="0" uspid="146" ordinal="39" offset="557" sl="96" sc="5" el="96" ec="12" bec="0" bev="0" fileid="8" />
              </SequencePoints>
              <BranchPoints>
                <BranchPoint vc="0" uspid="147" ordinal="0" offset="163" sl="63" path="0" offsetend="165" fileid="8" />
                <BranchPoint vc="0" uspid="148" ordinal="1" offset="163" sl="63" path="1" offsetend="266" fileid="8" />
                <BranchPoint vc="0" uspid="151" ordinal="4" offset="213" sl="66" path="0" offsetend="215" fileid="8" />
                <BranchPoint vc="0" uspid="152" ordinal="5" offset="213" sl="66" path="1" offsetend="236" fileid="8" />
                <BranchPoint vc="0" uspid="153" ordinal="6" offset="303" sl="77" path="0" offsetend="305" fileid="8" />
                <BranchPoint vc="0" uspid="154" ordinal="7" offset="303" sl="77" path="1" offsetend="335" fileid="8" />
                <BranchPoint vc="0" uspid="155" ordinal="8" offset="426" sl="87" path="0" offsetend="428" fileid="8" />
                <BranchPoint vc="0" uspid="156" ordinal="9" offset="426" sl="87" path="1" offsetend="525" fileid="8" />
                <BranchPoint vc="0" uspid="157" ordinal="10" offset="536" sl="93" path="0" offsetend="541" fileid="8" />
                <BranchPoint vc="0" uspid="158" ordinal="11" offset="536" sl="93" path="1" offsetend="374" fileid="8" />
                <BranchPoint vc="0" uspid="159" ordinal="12" offset="551" sl="94" path="0" offsetend="556" fileid="8" />
                <BranchPoint vc="0" uspid="160" ordinal="13" offset="551" sl="94" path="1" offsetend="355" fileid="8" />
              </BranchPoints>
              <MethodPoint xsi:type="SequencePoint" vc="0" uspid="107" ordinal="0" offset="0" sl="51" sc="5" el="51" ec="60" bec="0" bev="0" fileid="8" />
            </Method>
            <Method visited="false" cyclomaticComplexity="1" nPathComplexity="0" sequenceCoverage="0" branchCoverage="0" isConstructor="false" isStatic="false" isGetter="false" isSetter="false">
              <Summary numSequencePoints="27" visitedSequencePoints="0" numBranchPoints="1" visitedBranchPoints="0" sequenceCoverage="0" branchCoverage="0" maxCyclomaticComplexity="1" minCyclomaticComplexity="1" visitedClasses="0" numClasses="0" visitedMethods="0" numMethods="1" />
              <MetadataToken>100663316</MetadataToken>
              <Name>System.Void Test.GraphicsWindowLayoutTest::RectangleAndEllipse()</Name>
              <FileRef uid="8" />
              <SequencePoints>
                <SequencePoint vc="0" uspid="161" ordinal="0" offset="0" sl="99" sc="5" el="99" ec="37" bec="0" bev="0" fileid="8" />
                <SequencePoint vc="0" uspid="162" ordinal="1" offset="1" sl="100" sc="9" el="100" ec="30" bec="0" bev="0" fileid="8" />
                <SequencePoint vc="0" uspid="163" ordinal="2" offset="18" sl="102" sc="9" el="102" ec="62" bec="0" bev="0" fileid="8" />
                <SequencePoint vc="0" uspid="164" ordinal="3" offset="55" sl="103" sc="9" el="103" ec="63" bec="0" bev="0" fileid="8" />
                <SequencePoint vc="0" uspid="165" ordinal="4" offset="93" sl="104" sc="9" el="104" ec="67" bec="0" bev="0" fileid="8" />
                <SequencePoint vc="0" uspid="166" ordinal="5" offset="131" sl="106" sc="9" el="106" ec="80" bec="0" bev="0" fileid="8" />
                <SequencePoint vc="0" uspid="167" ordinal="6" offset="172" sl="107" sc="9" el="107" ec="80" bec="0" bev="0" fileid="8" />
                <SequencePoint vc="0" uspid="168" ordinal="7" offset="213" sl="108" sc="9" el="108" ec="80" bec="0" bev="0" fileid="8" />
                <SequencePoint vc="0" uspid="169" ordinal="8" offset="254" sl="110" sc="9" el="110" ec="66" bec="0" bev="0" fileid="8" />
                <SequencePoint vc="0" uspid="170" ordinal="9" offset="293" sl="111" sc="9" el="111" ec="67" bec="0" bev="0" fileid="8" />
                <SequencePoint vc="0" uspid="171" ordinal="10" offset="333" sl="112" sc="9" el="112" ec="71" bec="0" bev="0" fileid="8" />
                <SequencePoint vc="0" uspid="172" ordinal="11" offset="373" sl="114" sc="9" el="114" ec="84" bec="0" bev="0" fileid="8" />
                <SequencePoint vc="0" uspid="173" ordinal="12" offset="416" sl="115" sc="9" el="115" ec="84" bec="0" bev="0" fileid="8" />
                <SequencePoint vc="0" uspid="174" ordinal="13" offset="459" sl="116" sc="9" el="116" ec="84" bec="0" bev="0" fileid="8" />
                <SequencePoint vc="0" uspid="175" ordinal="14" offset="502" sl="118" sc="9" el="118" ec="62" bec="0" bev="0" fileid="8" />
                <SequencePoint vc="0" uspid="176" ordinal="15" offset="540" sl="119" sc="9" el="119" ec="63" bec="0" bev="0" fileid="8" />
                <SequencePoint vc="0" uspid="177" ordinal="16" offset="579" sl="120" sc="9" el="120" ec="67" bec="0" bev="0" fileid="8" />
                <SequencePoint vc="0" uspid="178" ordinal="17" offset="618" sl="122" sc="9" el="122" ec="80" bec="0" bev="0" fileid="8" />
                <SequencePoint vc="0" uspid="179" ordinal="18" offset="660" sl="123" sc="9" el="123" ec="80" bec="0" bev="0" fileid="8" />
                <SequencePoint vc="0" uspid="180" ordinal="19" offset="702" sl="124" sc="9" el="124" ec="80" bec="0" bev="0" fileid="8" />
                <SequencePoint vc="0" uspid="181" ordinal="20" offset="744" sl="126" sc="9" el="126" ec="65" bec="0" bev="0" fileid="8" />
                <SequencePoint vc="0" uspid="182" ordinal="21" offset="786" sl="127" sc="9" el="127" ec="66" bec="0" bev="0" fileid="8" />
                <SequencePoint vc="0" uspid="183" ordinal="22" offset="829" sl="128" sc="9" el="128" ec="70" bec="0" bev="0" fileid="8" />
                <SequencePoint vc="0" uspid="184" ordinal="23" offset="872" sl="130" sc="9" el="130" ec="83" bec="0" bev="0" fileid="8" />
                <SequencePoint vc="0" uspid="185" ordinal="24" offset="918" sl="131" sc="9" el="131" ec="83" bec="0" bev="0" fileid="8" />
                <SequencePoint vc="0" uspid="186" ordinal="25" offset="964" sl="132" sc="9" el="132" ec="83" bec="0" bev="0" fileid="8" />
                <SequencePoint vc="0" uspid="187" ordinal="26" offset="1010" sl="133" sc="5" el="133" ec="12" bec="0" bev="0" fileid="8" />
              </SequencePoints>
              <BranchPoints />
              <MethodPoint xsi:type="SequencePoint" vc="0" uspid="161" ordinal="0" offset="0" sl="99" sc="5" el="99" ec="37" bec="0" bev="0" fileid="8" />
            </Method>
            <Method visited="false" cyclomaticComplexity="1" nPathComplexity="0" sequenceCoverage="0" branchCoverage="0" isConstructor="false" isStatic="false" isGetter="false" isSetter="false">
              <Summary numSequencePoints="10" visitedSequencePoints="0" numBranchPoints="1" visitedBranchPoints="0" sequenceCoverage="0" branchCoverage="0" maxCyclomaticComplexity="1" minCyclomaticComplexity="1" visitedClasses="0" numClasses="0" visitedMethods="0" numMethods="1" />
              <MetadataToken>100663317</MetadataToken>
              <Name>System.Void Test.GraphicsWindowLayoutTest::Line()</Name>
              <FileRef uid="8" />
              <SequencePoints>
                <SequencePoint vc="0" uspid="188" ordinal="0" offset="0" sl="136" sc="5" el="136" ec="22" bec="0" bev="0" fileid="8" />
                <SequencePoint vc="0" uspid="189" ordinal="1" offset="1" sl="137" sc="9" el="137" ec="30" bec="0" bev="0" fileid="8" />
                <SequencePoint vc="0" uspid="190" ordinal="2" offset="18" sl="139" sc="9" el="139" ec="48" bec="0" bev="0" fileid="8" />
                <SequencePoint vc="0" uspid="191" ordinal="3" offset="44" sl="140" sc="9" el="140" ec="56" bec="0" bev="0" fileid="8" />
                <SequencePoint vc="0" uspid="192" ordinal="4" offset="79" sl="141" sc="9" el="141" ec="64" bec="0" bev="0" fileid="8" />
                <SequencePoint vc="0" uspid="193" ordinal="5" offset="109" sl="142" sc="9" el="142" ec="70" bec="0" bev="0" fileid="8" />
                <SequencePoint vc="0" uspid="194" ordinal="6" offset="147" sl="143" sc="9" el="143" ec="70" bec="0" bev="0" fileid="8" />
                <SequencePoint vc="0" uspid="195" ordinal="7" offset="185" sl="144" sc="9" el="144" ec="70" bec="0" bev="0" fileid="8" />
                <SequencePoint vc="0" uspid="196" ordinal="8" offset="223" sl="145" sc="9" el="145" ec="70" bec="0" bev="0" fileid="8" />
                <SequencePoint vc="0" uspid="197" ordinal="9" offset="261" sl="146" sc="5" el="146" ec="12" bec="0" bev="0" fileid="8" />
              </SequencePoints>
              <BranchPoints />
              <MethodPoint xsi:type="SequencePoint" vc="0" uspid="188" ordinal="0" offset="0" sl="136" sc="5" el="136" ec="22" bec="0" bev="0" fileid="8" />
            </Method>
            <Method visited="false" cyclomaticComplexity="3" nPathComplexity="4" sequenceCoverage="0" branchCoverage="0" isConstructor="false" isStatic="false" isGetter="false" isSetter="false">
              <Summary numSequencePoints="16" visitedSequencePoints="0" numBranchPoints="5" visitedBranchPoints="0" sequenceCoverage="0" branchCoverage="0" maxCyclomaticComplexity="3" minCyclomaticComplexity="3" visitedClasses="0" numClasses="0" visitedMethods="0" numMethods="1" />
              <MetadataToken>100663318</MetadataToken>
              <Name>System.Void Test.GraphicsWindowLayoutTest::TextAlign()</Name>
              <FileRef uid="8" />
              <SequencePoints>
                <SequencePoint vc="0" uspid="198" ordinal="0" offset="0" sl="149" sc="5" el="149" ec="27" bec="0" bev="0" fileid="8" />
                <SequencePoint vc="0" uspid="199" ordinal="1" offset="1" sl="150" sc="9" el="150" ec="30" bec="0" bev="0" fileid="8" />
                <SequencePoint vc="0" uspid="200" ordinal="2" offset="18" sl="152" sc="13" el="152" ec="83" bec="0" bev="0" fileid="8" />
                <SequencePoint vc="0" uspid="201" ordinal="3" offset="24" sl="153" sc="13" el="153" ec="30" bec="0" bev="0" fileid="8" />
                <SequencePoint vc="0" uspid="202" ordinal="4" offset="27" sl="154" sc="13" el="154" ec="30" bec="0" bev="0" fileid="8" />
                <SequencePoint vc="0" uspid="203" ordinal="5" offset="30" sl="155" sc="9" el="156" ec="52" bec="0" bev="0" fileid="8" />
                <SequencePoint vc="0" uspid="204" ordinal="6" offset="59" sl="157" sc="13" el="158" ec="55" bec="0" bev="0" fileid="8" />
                <SequencePoint vc="0" uspid="205" ordinal="7" offset="87" sl="159" sc="17" el="159" ec="74" bec="0" bev="0" fileid="8" />
                <SequencePoint vc="0" uspid="206" ordinal="8" offset="125" sl="160" sc="17" el="162" ec="86" bec="0" bev="0" fileid="8" />
                <SequencePoint vc="0" uspid="207" ordinal="9" offset="168" sl="163" sc="17" el="163" ec="25" bec="0" bev="0" fileid="8" />
                <SequencePoint vc="0" uspid="208" ordinal="10" offset="173" sl="164" sc="13" el="164" ec="17" bec="2" bev="0" fileid="8" />
                <SequencePoint vc="0" uspid="209" ordinal="11" offset="194" sl="165" sc="13" el="165" ec="21" bec="0" bev="0" fileid="8" />
                <SequencePoint vc="0" uspid="210" ordinal="12" offset="199" sl="166" sc="13" el="166" ec="19" bec="0" bev="0" fileid="8" />
                <SequencePoint vc="0" uspid="211" ordinal="13" offset="202" sl="167" sc="9" el="167" ec="13" bec="2" bev="0" fileid="8" />
                <SequencePoint vc="0" uspid="212" ordinal="14" offset="225" sl="169" sc="9" el="169" ec="54" bec="0" bev="0" fileid="8" />
                <SequencePoint vc="0" uspid="213" ordinal="15" offset="256" sl="170" sc="5" el="170" ec="12" bec="0" bev="0" fileid="8" />
              </SequencePoints>
              <BranchPoints>
                <BranchPoint vc="0" uspid="214" ordinal="0" offset="192" sl="164" path="0" offsetend="194" fileid="8" />
                <BranchPoint vc="0" uspid="215" ordinal="1" offset="192" sl="164" path="1" offsetend="80" fileid="8" />
                <BranchPoint vc="0" uspid="216" ordinal="2" offset="220" sl="167" path="0" offsetend="225" fileid="8" />
                <BranchPoint vc="0" uspid="217" ordinal="3" offset="220" sl="167" path="1" offsetend="53" fileid="8" />
              </BranchPoints>
              <MethodPoint xsi:type="SequencePoint" vc="0" uspid="198" ordinal="0" offset="0" sl="149" sc="5" el="149" ec="27" bec="0" bev="0" fileid="8" />
            </Method>
            <Method visited="false" cyclomaticComplexity="3" nPathComplexity="4" sequenceCoverage="0" branchCoverage="0" isConstructor="false" isStatic="false" isGetter="false" isSetter="false">
              <Summary numSequencePoints="17" visitedSequencePoints="0" numBranchPoints="5" visitedBranchPoints="0" sequenceCoverage="0" branchCoverage="0" maxCyclomaticComplexity="3" minCyclomaticComplexity="3" visitedClasses="0" numClasses="0" visitedMethods="0" numMethods="1" />
              <MetadataToken>100663319</MetadataToken>
              <Name>System.Void Test.GraphicsWindowLayoutTest::TextAlign2()</Name>
              <FileRef uid="8" />
              <SequencePoints>
                <SequencePoint vc="0" uspid="218" ordinal="0" offset="0" sl="173" sc="5" el="173" ec="28" bec="0" bev="0" fileid="8" />
                <SequencePoint vc="0" uspid="219" ordinal="1" offset="1" sl="174" sc="9" el="174" ec="30" bec="0" bev="0" fileid="8" />
                <SequencePoint vc="0" uspid="220" ordinal="2" offset="18" sl="176" sc="13" el="176" ec="83" bec="0" bev="0" fileid="8" />
                <SequencePoint vc="0" uspid="221" ordinal="3" offset="24" sl="177" sc="13" el="177" ec="30" bec="0" bev="0" fileid="8" />
                <SequencePoint vc="0" uspid="222" ordinal="4" offset="27" sl="178" sc="13" el="178" ec="30" bec="0" bev="0" fileid="8" />
                <SequencePoint vc="0" uspid="223" ordinal="5" offset="30" sl="179" sc="13" el="179" ec="59" bec="0" bev="0" fileid="8" />
                <SequencePoint vc="0" uspid="224" ordinal="6" offset="47" sl="181" sc="9" el="182" ec="52" bec="0" bev="0" fileid="8" />
                <SequencePoint vc="0" uspid="225" ordinal="7" offset="78" sl="183" sc="13" el="184" ec="55" bec="0" bev="0" fileid="8" />
                <SequencePoint vc="0" uspid="226" ordinal="8" offset="106" sl="185" sc="17" el="185" ec="76" bec="0" bev="0" fileid="8" />
                <SequencePoint vc="0" uspid="227" ordinal="9" offset="144" sl="186" sc="17" el="187" ec="86" bec="0" bev="0" fileid="8" />
                <SequencePoint vc="0" uspid="228" ordinal="10" offset="177" sl="188" sc="17" el="188" ec="25" bec="0" bev="0" fileid="8" />
                <SequencePoint vc="0" uspid="229" ordinal="11" offset="182" sl="189" sc="13" el="189" ec="17" bec="2" bev="0" fileid="8" />
                <SequencePoint vc="0" uspid="230" ordinal="12" offset="203" sl="190" sc="13" el="190" ec="21" bec="0" bev="0" fileid="8" />
                <SequencePoint vc="0" uspid="231" ordinal="13" offset="208" sl="191" sc="13" el="191" ec="19" bec="0" bev="0" fileid="8" />
                <SequencePoint vc="0" uspid="232" ordinal="14" offset="211" sl="192" sc="9" el="192" ec="13" bec="2" bev="0" fileid="8" />
                <SequencePoint vc="0" uspid="233" ordinal="15" offset="235" sl="194" sc="9" el="194" ec="48" bec="0" bev="0" fileid="8" />
                <SequencePoint vc="0" uspid="234" ordinal="16" offset="256" sl="195" sc="5" el="195" ec="12" bec="0" bev="0" fileid="8" />
              </SequencePoints>
              <BranchPoints>
                <BranchPoint vc="0" uspid="235" ordinal="0" offset="201" sl="189" path="0" offsetend="203" fileid="8" />
                <BranchPoint vc="0" uspid="236" ordinal="1" offset="201" sl="189" path="1" offsetend="99" fileid="8" />
                <BranchPoint vc="0" uspid="237" ordinal="2" offset="230" sl="192" path="0" offsetend="235" fileid="8" />
                <BranchPoint vc="0" uspid="238" ordinal="3" offset="230" sl="192" path="1" offsetend="71" fileid="8" />
              </BranchPoints>
              <MethodPoint xsi:type="SequencePoint" vc="0" uspid="218" ordinal="0" offset="0" sl="173" sc="5" el="173" ec="28" bec="0" bev="0" fileid="8" />
            </Method>
          </Methods>
        </Class>
      </Classes>
    </Module>
    <Module skippedDueTo="Filter" hash="07-02-DE-5E-B4-0E-2E-01-FF-83-70-3A-7D-4D-7A-EA-DB-60-4B-7F">
      <ModulePath>C:\WINDOWS\Microsoft.Net\assembly\GAC_MSIL\Microsoft.VisualBasic\v4.0_10.0.0.0__b03f5f7f11d50a3a\Microsoft.VisualBasic.dll</ModulePath>
      <ModuleTime>2017-09-29T13:43:05.1622016Z</ModuleTime>
      <ModuleName>Microsoft.VisualBasic</ModuleName>
      <Classes />
    </Module>
    <Module skippedDueTo="Filter" hash="CB-7B-C7-A0-09-0F-BA-F4-8A-02-A9-E9-2A-7B-43-34-93-46-0F-58">
      <ModulePath>C:\WINDOWS\Microsoft.Net\assembly\GAC_MSIL\System\v4.0_4.0.0.0__b77a5c561934e089\System.dll</ModulePath>
      <ModuleTime>2017-09-29T13:43:06.7717063Z</ModuleTime>
      <ModuleName>System</ModuleName>
      <Classes />
    </Module>
    <Module skippedDueTo="MissingPdb" hash="C3-D8-3E-87-AB-33-CA-6F-66-61-A7-D7-50-2C-CF-D9-C0-D1-9D-8D">
      <ModulePath>D:\Documents\pCloud Sync\github\VBGraphics\packages\xunit.runner.console.2.3.1\tools\net452\xunit.runner.utility.net452.dll</ModulePath>
      <ModuleTime>2017-10-27T05:34:48Z</ModuleTime>
      <ModuleName>xunit.runner.utility.net452</ModuleName>
      <Classes />
    </Module>
    <Module skippedDueTo="MissingPdb" hash="61-48-84-C2-D1-D5-99-D6-62-AF-99-DC-EE-36-8C-D2-C9-20-16-EB">
      <ModulePath>C:\Users\lwchkg\AppData\Local\Temp\77683091-697b-4143-8fad-4a6d12a37ca0\77683091-697b-4143-8fad-4a6d12a37ca0\assembly\dl3\30aa710f\0032334b_e54ed301\xunit.execution.desktop.dll</ModulePath>
      <ModuleTime>2018-02-01T15:22:38.7056216Z</ModuleTime>
      <ModuleName>xunit.execution.desktop</ModuleName>
      <Classes />
    </Module>
    <Module skippedDueTo="MissingPdb" hash="51-2F-F2-32-94-DA-C0-F3-A5-F2-A6-46-6A-26-C0-33-1A-24-08-E8">
      <ModulePath>C:\Users\lwchkg\AppData\Local\Temp\77683091-697b-4143-8fad-4a6d12a37ca0\77683091-697b-4143-8fad-4a6d12a37ca0\assembly\dl3\79bfadd7\004e8159_e54ed301\xunit.abstractions.dll</ModulePath>
      <ModuleTime>2018-02-01T15:22:38.7227677Z</ModuleTime>
      <ModuleName>xunit.abstractions</ModuleName>
      <Classes />
    </Module>
    <Module skippedDueTo="Filter" hash="CB-7B-C7-A0-09-0F-BA-F4-8A-02-A9-E9-2A-7B-43-34-93-46-0F-58">
      <ModulePath>C:\WINDOWS\Microsoft.Net\assembly\GAC_MSIL\System\v4.0_4.0.0.0__b77a5c561934e089\System.dll</ModulePath>
      <ModuleTime>2017-09-29T13:43:06.7717063Z</ModuleTime>
      <ModuleName>System</ModuleName>
      <Classes />
    </Module>
    <Module hash="12-65-16-AD-65-28-EB-61-91-73-FD-7D-91-2E-C9-09-75-5B-2A-A1">
      <Summary numSequencePoints="206" visitedSequencePoints="107" numBranchPoints="58" visitedBranchPoints="23" sequenceCoverage="51.94" branchCoverage="39.66" maxCyclomaticComplexity="8" minCyclomaticComplexity="1" visitedClasses="1" numClasses="8" visitedMethods="8" numMethods="30" />
      <ModulePath>C:\Users\lwchkg\AppData\Local\Temp\77683091-697b-4143-8fad-4a6d12a37ca0\77683091-697b-4143-8fad-4a6d12a37ca0\assembly\dl3\0d44c370\50fdb8da_6a9bd301\Test.dll</ModulePath>
      <ModuleTime>2018-02-01T15:22:38.7589932Z</ModuleTime>
      <ModuleName>Test</ModuleName>
      <Files>
        <File uid="17" fullPath="" />
        <File uid="21" fullPath="D:\Documents\pCloud Sync\github\VBGraphics\Test\My Project\Resources.Designer.vb" />
        <File uid="22" fullPath="D:\Documents\pCloud Sync\github\VBGraphics\Test\My Project\Settings.Designer.vb" />
        <File uid="24" fullPath="D:\Documents\pCloud Sync\github\VBGraphics\Test\GraphicsWindowLayoutTest.vb" />
      </Files>
      <Classes>
        <Class>
          <Summary numSequencePoints="0" visitedSequencePoints="0" numBranchPoints="0" visitedBranchPoints="0" sequenceCoverage="0" branchCoverage="0" maxCyclomaticComplexity="0" minCyclomaticComplexity="0" visitedClasses="0" numClasses="0" visitedMethods="0" numMethods="0" />
          <FullName>&lt;Module&gt;</FullName>
          <Methods />
        </Class>
        <Class>
          <Summary numSequencePoints="0" visitedSequencePoints="0" numBranchPoints="0" visitedBranchPoints="0" sequenceCoverage="0" branchCoverage="0" maxCyclomaticComplexity="1" minCyclomaticComplexity="1" visitedClasses="0" numClasses="0" visitedMethods="0" numMethods="0" />
          <FullName>Test.My.MyApplication</FullName>
          <Methods>
            <Method visited="false" cyclomaticComplexity="1" nPathComplexity="0" sequenceCoverage="0" branchCoverage="0" isConstructor="true" isStatic="false" isGetter="false" isSetter="false">
              <Summary numSequencePoints="0" visitedSequencePoints="0" numBranchPoints="0" visitedBranchPoints="0" sequenceCoverage="0" branchCoverage="0" maxCyclomaticComplexity="1" minCyclomaticComplexity="1" visitedClasses="0" numClasses="0" visitedMethods="0" numMethods="0" />
              <MetadataToken>100663297</MetadataToken>
              <Name>System.Void Test.My.MyApplication::.ctor()</Name>
              <SequencePoints />
              <BranchPoints />
              <MethodPoint vc="0" uspid="239" ordinal="0" offset="0" />
            </Method>
          </Methods>
        </Class>
        <Class>
          <Summary numSequencePoints="3" visitedSequencePoints="0" numBranchPoints="1" visitedBranchPoints="0" sequenceCoverage="0" branchCoverage="0" maxCyclomaticComplexity="1" minCyclomaticComplexity="1" visitedClasses="0" numClasses="1" visitedMethods="0" numMethods="1" />
          <FullName>Test.My.MyComputer</FullName>
          <Methods>
            <Method visited="false" cyclomaticComplexity="1" nPathComplexity="0" sequenceCoverage="0" branchCoverage="0" isConstructor="true" isStatic="false" isGetter="false" isSetter="false">
              <Summary numSequencePoints="3" visitedSequencePoints="0" numBranchPoints="1" visitedBranchPoints="0" sequenceCoverage="0" branchCoverage="0" maxCyclomaticComplexity="1" minCyclomaticComplexity="1" visitedClasses="0" numClasses="0" visitedMethods="0" numMethods="1" />
              <MetadataToken>100663298</MetadataToken>
              <Name>System.Void Test.My.MyComputer::.ctor()</Name>
              <FileRef uid="17" />
              <SequencePoints>
                <SequencePoint vc="0" uspid="240" ordinal="0" offset="0" sl="107" sc="9" el="107" ec="25" bec="0" bev="0" fileid="0" url="" />
                <SequencePoint vc="0" uspid="241" ordinal="1" offset="1" sl="108" sc="13" el="108" ec="25" bec="0" bev="0" fileid="0" url="" />
                <SequencePoint vc="0" uspid="242" ordinal="2" offset="8" sl="109" sc="9" el="109" ec="16" bec="0" bev="0" fileid="0" url="" />
              </SequencePoints>
              <BranchPoints />
              <MethodPoint xsi:type="SequencePoint" vc="0" uspid="240" ordinal="0" offset="0" sl="107" sc="9" el="107" ec="25" bec="0" bev="0" fileid="0" url="" />
            </Method>
          </Methods>
        </Class>
        <Class>
[...]
                <SequencePoint vc="0" uspid="815" ordinal="3" offset="37" sl="45" sc="9" el="45" ec="16" bec="0" bev="0" fileid="44" />
              </SequencePoints>
              <BranchPoints />
              <MethodPoint xsi:type="SequencePoint" vc="0" uspid="812" ordinal="0" offset="0" sl="38" sc="9" el="40" ec="56" bec="0" bev="0" fileid="44" />
            </Method>
            <Method visited="false" cyclomaticComplexity="1" nPathComplexity="0" sequenceCoverage="0" branchCoverage="0" isConstructor="false" isStatic="true" isGetter="false" isSetter="false">
              <Summary numSequencePoints="3" visitedSequencePoints="0" numBranchPoints="1" visitedBranchPoints="0" sequenceCoverage="0" branchCoverage="0" maxCyclomaticComplexity="1" minCyclomaticComplexity="1" visitedClasses="0" numClasses="0" visitedMethods="0" numMethods="1" />
              <MetadataToken>100663356</MetadataToken>
              <Name>System.Drawing.Bitmap VBGraphics.BitmapImage::GetBitmap(VBGraphics.GraphicsWindow)</Name>
              <FileRef uid="44" />
              <SequencePoints>
                <SequencePoint vc="0" uspid="816" ordinal="0" offset="0" sl="49" sc="9" el="49" ec="59" bec="0" bev="0" fileid="44" />
                <SequencePoint vc="0" uspid="817" ordinal="1" offset="1" sl="50" sc="13" el="50" ec="40" bec="0" bev="0" fileid="44" />
                <SequencePoint vc="0" uspid="818" ordinal="2" offset="15" sl="51" sc="9" el="51" ec="21" bec="0" bev="0" fileid="44" />
              </SequencePoints>
              <BranchPoints />
              <MethodPoint xsi:type="SequencePoint" vc="0" uspid="816" ordinal="0" offset="0" sl="49" sc="9" el="49" ec="59" bec="0" bev="0" fileid="44" />
            </Method>
            <Method visited="false" cyclomaticComplexity="1" nPathComplexity="0" sequenceCoverage="0" branchCoverage="0" isConstructor="false" isStatic="true" isGetter="false" isSetter="false">
              <Summary numSequencePoints="4" visitedSequencePoints="0" numBranchPoints="1" visitedBranchPoints="0" sequenceCoverage="0" branchCoverage="0" maxCyclomaticComplexity="1" minCyclomaticComplexity="1" visitedClasses="0" numClasses="0" visitedMethods="0" numMethods="1" />
              <MetadataToken>100663357</MetadataToken>
              <Name>System.Drawing.Bitmap VBGraphics.BitmapImage::GetBitmap(VBGraphics.GraphicsWindow,System.Int32,System.Int32,System.Int32,System.Int32)</Name>
              <FileRef uid="44" />
              <SequencePoints>
                <SequencePoint vc="0" uspid="819" ordinal="0" offset="0" sl="55" sc="9" el="56" ec="74" bec="0" bev="0" fileid="44" />
                <SequencePoint vc="0" uspid="820" ordinal="1" offset="1" sl="57" sc="17" el="57" ec="56" bec="0" bev="0" fileid="44" />
                <SequencePoint vc="0" uspid="821" ordinal="2" offset="13" sl="58" sc="13" el="58" ec="88" bec="0" bev="0" fileid="44" />
                <SequencePoint vc="0" uspid="822" ordinal="3" offset="38" sl="59" sc="9" el="59" ec="21" bec="0" bev="0" fileid="44" />
              </SequencePoints>
              <BranchPoints />
              <MethodPoint xsi:type="SequencePoint" vc="0" uspid="819" ordinal="0" offset="0" sl="55" sc="9" el="56" ec="74" bec="0" bev="0" fileid="44" />
            </Method>
          </Methods>
        </Class>
        <Class>
          <Summary numSequencePoints="41" visitedSequencePoints="16" numBranchPoints="16" visitedBranchPoints="4" sequenceCoverage="39.02" branchCoverage="25" maxCyclomaticComplexity="8" minCyclomaticComplexity="1" visitedClasses="1" numClasses="1" visitedMethods="4" numMethods="6" />
          <FullName>VBGraphics.Text</FullName>
          <Methods>
            <Method visited="true" cyclomaticComplexity="1" nPathComplexity="0" sequenceCoverage="100" branchCoverage="100" isConstructor="false" isStatic="true" isGetter="false" isSetter="false">
              <Summary numSequencePoints="4" visitedSequencePoints="4" numBranchPoints="1" visitedBranchPoints="1" sequenceCoverage="100" branchCoverage="100" maxCyclomaticComplexity="1" minCyclomaticComplexity="1" visitedClasses="0" numClasses="0" visitedMethods="1" numMethods="1" />
              <MetadataToken>100663358</MetadataToken>
              <Name>System.Void VBGraphics.Text::DrawText(VBGraphics.GraphicsWindow,System.String,System.Int32,System.Int32,System.Drawing.Color,System.Drawing.Font)</Name>
              <FileRef uid="45" />
              <SequencePoints>
                <SequencePoint vc="1" uspid="823" ordinal="0" offset="0" sl="11" sc="9" el="12" ec="51" bec="0" bev="0" fileid="45" />
                <SequencePoint vc="1" uspid="824" ordinal="1" offset="1" sl="13" sc="13" el="13" ec="89" bec="0" bev="0" fileid="45" />
                <SequencePoint vc="1" uspid="825" ordinal="2" offset="25" sl="14" sc="13" el="14" ec="28" bec="0" bev="0" fileid="45" />
                <SequencePoint vc="1" uspid="826" ordinal="3" offset="32" sl="15" sc="9" el="15" ec="16" bec="0" bev="0" fileid="45" />
              </SequencePoints>
              <BranchPoints />
              <MethodPoint xsi:type="SequencePoint" vc="1" uspid="823" ordinal="0" offset="0" sl="11" sc="9" el="12" ec="51" bec="0" bev="0" fileid="45" />
            </Method>
            <Method visited="true" cyclomaticComplexity="1" nPathComplexity="0" sequenceCoverage="100" branchCoverage="100" isConstructor="false" isStatic="true" isGetter="false" isSetter="false">
              <Summary numSequencePoints="4" visitedSequencePoints="4" numBranchPoints="1" visitedBranchPoints="1" sequenceCoverage="100" branchCoverage="100" maxCyclomaticComplexity="1" minCyclomaticComplexity="1" visitedClasses="0" numClasses="0" visitedMethods="1" numMethods="1" />
              <MetadataToken>100663359</MetadataToken>
              <Name>System.Void VBGraphics.Text::DrawText(VBGraphics.GraphicsWindow,System.String,System.Int32,System.Int32,System.Drawing.Color,System.String,System.Single,System.Drawing.FontStyle)</Name>
              <FileRef uid="45" />
              <SequencePoints>
                <SequencePoint vc="1" uspid="827" ordinal="0" offset="0" sl="18" sc="9" el="20" ec="74" bec="0" bev="0" fileid="45" />
                <SequencePoint vc="1" uspid="828" ordinal="1" offset="1" sl="21" sc="17" el="21" ec="62" bec="0" bev="0" fileid="45" />
                <SequencePoint vc="1" uspid="829" ordinal="2" offset="13" sl="22" sc="13" el="22" ec="89" bec="0" bev="0" fileid="45" />
                <SequencePoint vc="1" uspid="830" ordinal="3" offset="36" sl="23" sc="9" el="23" ec="16" bec="0" bev="0" fileid="45" />
              </SequencePoints>
              <BranchPoints />
              <MethodPoint xsi:type="SequencePoint" vc="1" uspid="827" ordinal="0" offset="0" sl="18" sc="9" el="20" ec="74" bec="0" bev="0" fileid="45" />
            </Method>
            <Method visited="true" cyclomaticComplexity="1" nPathComplexity="0" sequenceCoverage="100" branchCoverage="100" isConstructor="false" isStatic="true" isGetter="false" isSetter="false">
              <Summary numSequencePoints="4" visitedSequencePoints="4" numBranchPoints="1" visitedBranchPoints="1" sequenceCoverage="100" branchCoverage="100" maxCyclomaticComplexity="1" minCyclomaticComplexity="1" visitedClasses="0" numClasses="0" visitedMethods="1" numMethods="1" />
              <MetadataToken>100663360</MetadataToken>
              <Name>System.Void VBGraphics.Text::DrawTextInRectangle(VBGraphics.GraphicsWindow,System.String,System.Int32,System.Int32,System.Int32,System.Int32,System.Drawing.Color,System.Drawing.Font,System.Windows.Forms.TextFormatFlags)</Name>
              <FileRef uid="45" />
              <SequencePoints>
                <SequencePoint vc="18" uspid="831" ordinal="0" offset="0" sl="26" sc="9" el="28" ec="93" bec="0" bev="0" fileid="45" />
                <SequencePoint vc="18" uspid="832" ordinal="1" offset="1" sl="30" sc="13" el="31" ec="48" bec="0" bev="0" fileid="45" />
                <SequencePoint vc="18" uspid="833" ordinal="2" offset="31" sl="32" sc="13" el="32" ec="28" bec="0" bev="0" fileid="45" />
                <SequencePoint vc="18" uspid="834" ordinal="3" offset="38" sl="33" sc="9" el="33" ec="16" bec="0" bev="0" fileid="45" />
              </SequencePoints>
              <BranchPoints />
              <MethodPoint xsi:type="SequencePoint" vc="18" uspid="831" ordinal="0" offset="0" sl="26" sc="9" el="28" ec="93" bec="0" bev="0" fileid="45" />
            </Method>
            <Method visited="true" cyclomaticComplexity="1" nPathComplexity="0" sequenceCoverage="100" branchCoverage="100" isConstructor="false" isStatic="true" isGetter="false" isSetter="false">
              <Summary numSequencePoints="4" visitedSequencePoints="4" numBranchPoints="1" visitedBranchPoints="1" sequenceCoverage="100" branchCoverage="100" maxCyclomaticComplexity="1" minCyclomaticComplexity="1" visitedClasses="0" numClasses="0" visitedMethods="1" numMethods="1" />
              <MetadataToken>100663361</MetadataToken>
              <Name>System.Void VBGraphics.Text::DrawTextInRectangle(VBGraphics.GraphicsWindow,System.String,System.Int32,System.Int32,System.Int32,System.Int32,System.Drawing.Color,System.String,System.Single,System.Drawing.FontStyle,System.Windows.Forms.TextFormatFlags)</Name>
              <FileRef uid="45" />
              <SequencePoints>
                <SequencePoint vc="9" uspid="835" ordinal="0" offset="0" sl="36" sc="9" el="40" ec="93" bec="0" bev="0" fileid="45" />
                <SequencePoint vc="9" uspid="836" ordinal="1" offset="1" sl="41" sc="17" el="41" ec="62" bec="0" bev="0" fileid="45" />
                <SequencePoint vc="9" uspid="837" ordinal="2" offset="13" sl="42" sc="13" el="42" ec="83" bec="0" bev="0" fileid="45" />
                <SequencePoint vc="9" uspid="838" ordinal="3" offset="32" sl="43" sc="9" el="43" ec="16" bec="0" bev="0" fileid="45" />
              </SequencePoints>
              <BranchPoints />
              <MethodPoint xsi:type="SequencePoint" vc="9" uspid="835" ordinal="0" offset="0" sl="36" sc="9" el="40" ec="93" bec="0" bev="0" fileid="45" />
            </Method>
            <Method visited="false" cyclomaticComplexity="8" nPathComplexity="32" sequenceCoverage="0" branchCoverage="0" isConstructor="false" isStatic="true" isGetter="false" isSetter="false">
              <Summary numSequencePoints="18" visitedSequencePoints="0" numBranchPoints="11" visitedBranchPoints="0" sequenceCoverage="0" branchCoverage="0" maxCyclomaticComplexity="8" minCyclomaticComplexity="8" visitedClasses="0" numClasses="0" visitedMethods="0" numMethods="1" />
              <MetadataToken>100663362</MetadataToken>
              <Name>System.String VBGraphics.Text::ReadLine(VBGraphics.GraphicsWindow,System.Int32,System.Int32,System.Int32,System.Drawing.Color,System.Drawing.Color,System.String,System.Single,System.Drawing.FontStyle,System.Nullable`1&lt;System.Drawing.Color&gt;,System.Nullable`1&lt;System.Drawing.Color&gt;,System.Windows.Forms.TextFormatFlags)</Name>
              <FileRef uid="45" />
              <SequencePoints>
                <SequencePoint vc="0" uspid="839" ordinal="0" offset="0" sl="46" sc="9" el="52" ec="94" bec="0" bev="0" fileid="45" />
                <SequencePoint vc="0" uspid="840" ordinal="1" offset="1" sl="53" sc="17" el="53" ec="61" bec="0" bev="0" fileid="45" />
                <SequencePoint vc="0" uspid="841" ordinal="2" offset="13" sl="54" sc="17" el="61" ec="14" bec="0" bev="0" fileid="45" />
                <SequencePoint vc="0" uspid="842" ordinal="3" offset="83" sl="63" sc="13" el="63" ec="42" bec="0" bev="0" fileid="45" />
                <SequencePoint vc="0" uspid="843" ordinal="4" offset="101" sl="64" sc="13" el="64" ec="28" bec="0" bev="0" fileid="45" />
                <SequencePoint vc="0" uspid="844" ordinal="5" offset="108" sl="66" sc="13" el="66" ec="15" bec="0" bev="0" fileid="45" />
                <SequencePoint vc="0" uspid="845" ordinal="6" offset="109" sl="67" sc="17" el="67" ec="82" bec="0" bev="0" fileid="45" />
                <SequencePoint vc="0" uspid="846" ordinal="7" offset="126" sl="68" sc="17" el="68" ec="39" bec="0" bev="0" fileid="45" />
                <SequencePoint vc="0" uspid="847" ordinal="8" offset="132" sl="69" sc="13" el="69" ec="47" bec="2" bev="0" fileid="45" />
                <SequencePoint vc="0" uspid="848" ordinal="9" offset="145" sl="71" sc="13" el="71" ec="87" bec="4" bev="0" fileid="45" />
                <SequencePoint vc="0" uspid="849" ordinal="10" offset="170" sl="72" sc="17" el="75" ec="33" bec="4" bev="0" fileid="45" />
                <SequencePoint vc="0" uspid="850" ordinal="11" offset="223" sl="76" sc="13" el="76" ec="19" bec="0" bev="0" fileid="45" />
                <SequencePoint vc="0" uspid="851" ordinal="12" offset="224" sl="76" sc="13" el="76" ec="19" bec="0" bev="0" fileid="45" />
                <SequencePoint vc="0" uspid="852" ordinal="13" offset="225" sl="78" sc="17" el="78" ec="35" bec="0" bev="0" fileid="45" />
                <SequencePoint vc="0" uspid="853" ordinal="14" offset="232" sl="79" sc="13" el="79" ec="45" bec="0" bev="0" fileid="45" />
                <SequencePoint vc="0" uspid="854" ordinal="15" offset="250" sl="80" sc="13" el="80" ec="30" bec="0" bev="0" fileid="45" />
                <SequencePoint vc="0" uspid="855" ordinal="16" offset="257" sl="82" sc="13" el="82" ec="23" bec="0" bev="0" fileid="45" />
                <SequencePoint vc="0" uspid="856" ordinal="17" offset="261" sl="83" sc="9" el="83" ec="21" bec="0" bev="0" fileid="45" />
              </SequencePoints>
              <BranchPoints>
                <BranchPoint vc="0" uspid="857" ordinal="0" offset="143" sl="69" path="0" offsetend="145" fileid="45" />
                <BranchPoint vc="0" uspid="858" ordinal="1" offset="143" sl="69" path="1" offsetend="108" fileid="45" />
                <BranchPoint vc="0" uspid="859" ordinal="2" offset="152" sl="71" path="0" offsetend="154" fileid="45" />
                <BranchPoint vc="0" uspid="860" ordinal="3" offset="152" sl="71" path="1" offsetend="163" fileid="45" />
                <BranchPoint vc="0" uspid="861" ordinal="4" offset="168" sl="71" path="0" offsetend="170" fileid="45" />
                <BranchPoint vc="0" uspid="862" ordinal="5" offset="168" sl="71" path="1" offsetend="224" fileid="45" />
                <BranchPoint vc="0" uspid="863" ordinal="6" offset="181" sl="72" path="0" offsetend="183" fileid="45" />
                <BranchPoint vc="0" uspid="864" ordinal="7" offset="181" sl="72" path="1" offsetend="187" fileid="45" />
                <BranchPoint vc="0" uspid="865" ordinal="8" offset="201" sl="72" path="0" offsetend="203" fileid="45" />
                <BranchPoint vc="0" uspid="866" ordinal="9" offset="201" sl="72" path="1" offsetend="207" fileid="45" />
              </BranchPoints>
              <MethodPoint xsi:type="SequencePoint" vc="0" uspid="839" ordinal="0" offset="0" sl="46" sc="9" el="52" ec="94" bec="0" bev="0" fileid="45" />
            </Method>
            <Method visited="false" cyclomaticComplexity="1" nPathComplexity="0" sequenceCoverage="0" branchCoverage="0" isConstructor="false" isStatic="true" isGetter="false" isSetter="false">
              <Summary numSequencePoints="7" visitedSequencePoints="0" numBranchPoints="1" visitedBranchPoints="0" sequenceCoverage="0" branchCoverage="0" maxCyclomaticComplexity="1" minCyclomaticComplexity="1" visitedClasses="0" numClasses="0" visitedMethods="0" numMethods="1" />
              <MetadataToken>100663363</MetadataToken>
              <Name>System.Void VBGraphics.Text::DrawTextBox(VBGraphics.GraphicsWindow,System.Int32,System.Int32,System.Windows.Forms.TextBox,System.Drawing.Color,System.Drawing.Color,System.Drawing.Font,System.Windows.Forms.TextFormatFlags)</Name>
              <FileRef uid="45" />
              <SequencePoints>
                <SequencePoint vc="0" uspid="867" ordinal="0" offset="0" sl="85" sc="9" el="87" ec="72" bec="0" bev="0" fileid="45" />
                <SequencePoint vc="0" uspid="868" ordinal="1" offset="1" sl="88" sc="17" el="88" ec="59" bec="0" bev="0" fileid="45" />
                <SequencePoint vc="0" uspid="869" ordinal="2" offset="8" sl="89" sc="17" el="89" ec="74" bec="0" bev="0" fileid="45" />
                <SequencePoint vc="0" uspid="870" ordinal="3" offset="29" sl="90" sc="13" el="90" ec="68" bec="0" bev="0" fileid="45" />
                <SequencePoint vc="0" uspid="871" ordinal="4" offset="44" sl="91" sc="13" el="91" ec="88" bec="0" bev="0" fileid="45" />
                <SequencePoint vc="0" uspid="872" ordinal="5" offset="64" sl="92" sc="13" el="92" ec="28" bec="0" bev="0" fileid="45" />
                <SequencePoint vc="0" uspid="873" ordinal="6" offset="71" sl="93" sc="9" el="93" ec="16" bec="0" bev="0" fileid="45" />
              </SequencePoints>
              <BranchPoints />
              <MethodPoint xsi:type="SequencePoint" vc="0" uspid="867" ordinal="0" offset="0" sl="85" sc="9" el="87" ec="72" bec="0" bev="0" fileid="45" />
            </Method>
          </Methods>
        </Class>
      </Classes>
    </Module>
    <Module skippedDueTo="Filter" hash="15-FC-47-10-FB-98-F0-CC-0F-DE-69-1C-99-74-AF-3C-C4-CB-90-03">
      <ModulePath>C:\WINDOWS\Microsoft.Net\assembly\GAC_MSIL\System.Drawing\v4.0_4.0.0.0__b03f5f7f11d50a3a\System.Drawing.dll</ModulePath>
      <ModuleTime>2017-09-29T13:43:09.7719468Z</ModuleTime>
      <ModuleName>System.Drawing</ModuleName>
      <Classes />
    </Module>
    <Module skippedDueTo="Filter" hash="3F-3A-1C-D3-C8-BD-4F-03-CC-62-09-6C-42-B8-13-7F-7F-EC-BE-CE">
      <ModulePath>C:\WINDOWS\Microsoft.Net\assembly\GAC_MSIL\System.Windows.Forms\v4.0_4.0.0.0__b77a5c561934e089\System.Windows.Forms.dll</ModulePath>
      <ModuleTime>2017-09-29T13:43:06.6779487Z</ModuleTime>
      <ModuleName>System.Windows.Forms</ModuleName>
      <Classes />
    </Module>
    <Module skippedDueTo="Filter" hash="62-13-DF-BA-4D-76-38-3A-FE-E9-5E-D8-6C-07-CC-1D-A2-DE-73-52">
      <ModulePath>C:\WINDOWS\Microsoft.Net\assembly\GAC_MSIL\System.Configuration\v4.0_4.0.0.0__b03f5f7f11d50a3a\System.Configuration.dll</ModulePath>
      <ModuleTime>2017-09-29T13:43:06.6154445Z</ModuleTime>
      <ModuleName>System.Configuration</ModuleName>
      <Classes />
    </Module>
    <Module skippedDueTo="Filter" hash="58-2A-4C-0C-25-69-3C-E5-E8-8F-0E-35-DB-19-D0-78-0E-D1-10-FA">
      <ModulePath>C:\WINDOWS\Microsoft.Net\assembly\GAC_MSIL\System.Xml\v4.0_4.0.0.0__b77a5c561934e089\System.Xml.dll</ModulePath>
      <ModuleTime>2017-12-22T03:10:39.7166266Z</ModuleTime>
      <ModuleName>System.Xml</ModuleName>
      <Classes />
    </Module>
    <Module skippedDueTo="MissingPdb" hash="E8-FE-49-98-5F-59-F8-93-CA-2A-F7-F8-28-00-0E-43-14-6F-20-29">
      <ModulePath>C:\WINDOWS\Microsoft.Net\assembly\GAC_MSIL\Accessibility\v4.0_4.0.0.0__b03f5f7f11d50a3a\Accessibility.dll</ModulePath>
      <ModuleTime>2017-09-29T13:43:08.0374349Z</ModuleTime>
      <ModuleName>Accessibility</ModuleName>
      <Classes />
    </Module>
    <Module skippedDueTo="Filter" hash="07-02-DE-5E-B4-0E-2E-01-FF-83-70-3A-7D-4D-7A-EA-DB-60-4B-7F">
      <ModulePath>C:\WINDOWS\Microsoft.Net\assembly\GAC_MSIL\Microsoft.VisualBasic\v4.0_10.0.0.0__b03f5f7f11d50a3a\Microsoft.VisualBasic.dll</ModulePath>
      <ModuleTime>2017-09-29T13:43:05.1622016Z</ModuleTime>
      <ModuleName>Microsoft.VisualBasic</ModuleName>
      <Classes />
    </Module>
    <Module skippedDueTo="MissingPdb" hash="BF-E5-4F-FE-CF-53-6A-47-B3-9C-83-FA-80-22-8A-DC-19-81-A7-C4">
      <ModulePath>C:\Users\lwchkg\AppData\Local\Temp\77683091-697b-4143-8fad-4a6d12a37ca0\77683091-697b-4143-8fad-4a6d12a37ca0\assembly\dl3\83cae81f\0070473f_e54ed301\xunit.assert.dll</ModulePath>
      <ModuleTime>2018-02-01T15:22:39.8353426Z</ModuleTime>
      <ModuleName>xunit.assert</ModuleName>
      <Classes />
    </Module>
  </Modules>
</CoverageSession>